#
# There is insufficient memory for the Java Runtime Environment to continue.
# Native memory allocation (malloc) failed to allocate 517936 bytes for Chunk::new
# Possible reasons:
#   The system is out of physical RAM or swap space
#   The process is running with CompressedOops enabled, and the Java Heap may be blocking the growth of the native heap
# Possible solutions:
#   Reduce memory load on the system
#   Increase physical memory or swap space
#   Check if swap backing store is full
#   Decrease Java heap size (-Xmx/-Xms)
#   Decrease number of Java threads
#   Decrease Java thread stack sizes (-Xss)
#   Set larger code cache with -XX:ReservedCodeCacheSize=
#   JVM is running with Zero Based Compressed Oops mode in which the Java heap is
#     placed in the first 32GB address space. The Java Heap base address is the
#     maximum limit for the native heap growth. Please use -XX:HeapBaseMinAddress
#     to set the Java Heap base and to place the Java Heap above 32GB virtual address.
# This output file may be truncated or incomplete.
#
#  Out of Memory Error (arena.cpp:197), pid=10364, tid=2624
#
# JRE version: OpenJDK Runtime Environment Corretto-11.0.25.9.1 (11.0.25+9) (build 11.0.25+9-LTS)
# Java VM: OpenJDK 64-Bit Server VM Corretto-11.0.25.9.1 (11.0.25+9-LTS, mixed mode, tiered, compressed oops, g1 gc, windows-amd64)
# No core dump will be written. Minidumps are not enabled by default on client versions of Windows
#

---------------  S U M M A R Y ------------

Command Line: -javaagent:C:\Program Files\JetBrains\IntelliJ IDEA Community Edition 2023.2.5\lib\idea_rt.jar=53610:C:\Program Files\JetBrains\IntelliJ IDEA Community Edition 2023.2.5\bin -Dfile.encoding=UTF-8 com.example.expressfood.ExpressFoodApplication

Host: AMD Ryzen 7 4800HS with Radeon Graphics        , 16 cores, 15G,  Windows 10 , 64 bit Build 19041 (10.0.19041.4957)
Time: Wed Nov 13 18:30:07 2024 Russia TZ 4 Standard Time elapsed time: 31.157977 seconds (0d 0h 0m 31s)

---------------  T H R E A D  ---------------

Current thread (0x0000018ba57e0000):  JavaThread "C2 CompilerThread0" daemon [_thread_in_native, id=2624, stack(0x0000005f86800000,0x0000005f86900000)]


Current CompileTask:
C2:  31158 8442   !   4       sun.net.www.ParseUtil::decode (317 bytes)

Stack: [0x0000005f86800000,0x0000005f86900000]
Native frames: (J=compiled Java code, j=interpreted, Vv=VM code, C=native code)
V  [jvm.dll+0x64644a]
V  [jvm.dll+0x7daca9]
V  [jvm.dll+0x7dc3a9]
V  [jvm.dll+0x7dca93]
V  [jvm.dll+0x269da5]
V  [jvm.dll+0xc217c]
V  [jvm.dll+0xc272c]
V  [jvm.dll+0x37a297]
V  [jvm.dll+0x1b3dc4]
V  [jvm.dll+0x221f4f]
V  [jvm.dll+0x220e08]
V  [jvm.dll+0x19ea01]
V  [jvm.dll+0x230cb9]
V  [jvm.dll+0x22ee2f]
V  [jvm.dll+0x79bed1]
V  [jvm.dll+0x794ba4]
V  [jvm.dll+0x645205]
C  [ucrtbase.dll+0x21bb2]
C  [KERNEL32.DLL+0x17374]
C  [ntdll.dll+0x4cc91]


---------------  P R O C E S S  ---------------

Threads class SMR info:
_java_thread_list=0x0000018baa5b48f0, length=31, elements={
0x0000018ba4ed7800, 0x0000018ba578c000, 0x0000018ba57d8800, 0x0000018ba57da800,
0x0000018ba57dd000, 0x0000018ba57e0000, 0x0000018ba57e3000, 0x0000018ba57e7800,
0x0000018ba5760800, 0x0000018ba5f2c000, 0x0000018bad541800, 0x0000018ba7ee8800,
0x0000018bae5af800, 0x0000018bab2ea800, 0x0000018ba783c800, 0x0000018ba783d800,
0x0000018ba7841000, 0x0000018ba783e800, 0x0000018ba783c000, 0x0000018baee3e800,
0x0000018baee41000, 0x0000018baee43000, 0x0000018baee43800, 0x0000018baee44800,
0x0000018baee40800, 0x0000018baee45000, 0x0000018baee42000, 0x0000018baee3f800,
0x0000018baee48800, 0x0000018baee47000, 0x0000018bac676000
}

Java Threads: ( => current thread )
  0x0000018ba4ed7800 JavaThread "Reference Handler" daemon [_thread_blocked, id=13676, stack(0x0000005f86300000,0x0000005f86400000)]
  0x0000018ba578c000 JavaThread "Finalizer" daemon [_thread_blocked, id=2464, stack(0x0000005f86400000,0x0000005f86500000)]
  0x0000018ba57d8800 JavaThread "Signal Dispatcher" daemon [_thread_blocked, id=12312, stack(0x0000005f86500000,0x0000005f86600000)]
  0x0000018ba57da800 JavaThread "Attach Listener" daemon [_thread_blocked, id=15224, stack(0x0000005f86600000,0x0000005f86700000)]
  0x0000018ba57dd000 JavaThread "Service Thread" daemon [_thread_blocked, id=1440, stack(0x0000005f86700000,0x0000005f86800000)]
=>0x0000018ba57e0000 JavaThread "C2 CompilerThread0" daemon [_thread_in_native, id=2624, stack(0x0000005f86800000,0x0000005f86900000)]
  0x0000018ba57e3000 JavaThread "C1 CompilerThread0" daemon [_thread_blocked, id=19192, stack(0x0000005f86900000,0x0000005f86a00000)]
  0x0000018ba57e7800 JavaThread "Sweeper thread" daemon [_thread_blocked, id=20400, stack(0x0000005f86a00000,0x0000005f86b00000)]
  0x0000018ba5760800 JavaThread "Common-Cleaner" daemon [_thread_blocked, id=11340, stack(0x0000005f86b00000,0x0000005f86c00000)]
  0x0000018ba5f2c000 JavaThread "Monitor Ctrl-Break" daemon [_thread_in_native, id=5432, stack(0x0000005f87000000,0x0000005f87100000)]
  0x0000018bad541800 JavaThread "Catalina-utility-1" [_thread_blocked, id=17748, stack(0x0000005f88500000,0x0000005f88600000)]
  0x0000018ba7ee8800 JavaThread "Catalina-utility-2" [_thread_blocked, id=11820, stack(0x0000005f88600000,0x0000005f88700000)]
  0x0000018bae5af800 JavaThread "container-0" [_thread_blocked, id=18724, stack(0x0000005f88700000,0x0000005f88800000)]
  0x0000018bab2ea800 JavaThread "mysql-cj-abandoned-connection-cleanup" daemon [_thread_blocked, id=4796, stack(0x0000005f88800000,0x0000005f88900000)]
  0x0000018ba783c800 JavaThread "HikariPool-1 housekeeper" daemon [_thread_blocked, id=14964, stack(0x0000005f88400000,0x0000005f88500000)]
  0x0000018ba783d800 JavaThread "File Watcher" daemon [_thread_blocked, id=20056, stack(0x0000005f88e00000,0x0000005f88f00000)]
  0x0000018ba7841000 JavaThread "Live Reload Server" daemon [_thread_in_native, id=19972, stack(0x0000005f89000000,0x0000005f89100000)]
  0x0000018ba783e800 JavaThread "http-nio-8080-exec-1" daemon [_thread_in_vm, id=19084, stack(0x0000005f88f00000,0x0000005f89000000)]
  0x0000018ba783c000 JavaThread "http-nio-8080-exec-2" daemon [_thread_blocked, id=19812, stack(0x0000005f89100000,0x0000005f89200000)]
  0x0000018baee3e800 JavaThread "http-nio-8080-exec-3" daemon [_thread_blocked, id=11416, stack(0x0000005f89200000,0x0000005f89300000)]
  0x0000018baee41000 JavaThread "http-nio-8080-exec-4" daemon [_thread_blocked, id=18560, stack(0x0000005f89300000,0x0000005f89400000)]
  0x0000018baee43000 JavaThread "http-nio-8080-exec-5" daemon [_thread_blocked, id=15088, stack(0x0000005f89400000,0x0000005f89500000)]
  0x0000018baee43800 JavaThread "http-nio-8080-exec-6" daemon [_thread_blocked, id=8344, stack(0x0000005f89500000,0x0000005f89600000)]
  0x0000018baee44800 JavaThread "http-nio-8080-exec-7" daemon [_thread_blocked, id=18076, stack(0x0000005f89600000,0x0000005f89700000)]
  0x0000018baee40800 JavaThread "http-nio-8080-exec-8" daemon [_thread_blocked, id=9700, stack(0x0000005f89700000,0x0000005f89800000)]
  0x0000018baee45000 JavaThread "http-nio-8080-exec-9" daemon [_thread_blocked, id=8756, stack(0x0000005f89800000,0x0000005f89900000)]
  0x0000018baee42000 JavaThread "http-nio-8080-exec-10" daemon [_thread_blocked, id=2080, stack(0x0000005f89900000,0x0000005f89a00000)]
  0x0000018baee3f800 JavaThread "http-nio-8080-Poller" daemon [_thread_in_native, id=13616, stack(0x0000005f89a00000,0x0000005f89b00000)]
  0x0000018baee48800 JavaThread "http-nio-8080-Acceptor" daemon [_thread_in_native, id=14748, stack(0x0000005f89b00000,0x0000005f89c00000)]
  0x0000018baee47000 JavaThread "DestroyJavaVM" [_thread_blocked, id=14560, stack(0x0000005f85c00000,0x0000005f85d00000)]
  0x0000018bac676000 JavaThread "C2 CompilerThread1" daemon [_thread_in_native, id=6256, stack(0x0000005f86e00000,0x0000005f86f00000)]

Other Threads:
  0x0000018ba4ed6000 VMThread "VM Thread" [stack: 0x0000005f86200000,0x0000005f86300000] [id=16880]
  0x0000018ba5f30000 WatcherThread [stack: 0x0000005f87100000,0x0000005f87200000] [id=20620]
  0x0000018bff6a8000 GCTaskThread "GC Thread#0" [stack: 0x0000005f85d00000,0x0000005f85e00000] [id=13176]
  0x0000018ba6c34000 GCTaskThread "GC Thread#1" [stack: 0x0000005f87300000,0x0000005f87400000] [id=8816]
  0x0000018ba6be6000 GCTaskThread "GC Thread#2" [stack: 0x0000005f87400000,0x0000005f87500000] [id=9340]
  0x0000018ba6c0d000 GCTaskThread "GC Thread#3" [stack: 0x0000005f87500000,0x0000005f87600000] [id=21424]
  0x0000018ba7519000 GCTaskThread "GC Thread#4" [stack: 0x0000005f87600000,0x0000005f87700000] [id=22248]
  0x0000018ba79fd800 GCTaskThread "GC Thread#5" [stack: 0x0000005f87a00000,0x0000005f87b00000] [id=3612]
  0x0000018ba7819000 GCTaskThread "GC Thread#6" [stack: 0x0000005f87b00000,0x0000005f87c00000] [id=8276]
  0x0000018ba7819800 GCTaskThread "GC Thread#7" [stack: 0x0000005f87c00000,0x0000005f87d00000] [id=11836]
  0x0000018ba78f5000 GCTaskThread "GC Thread#8" [stack: 0x0000005f88000000,0x0000005f88100000] [id=21040]
  0x0000018ba78f2000 GCTaskThread "GC Thread#9" [stack: 0x0000005f88100000,0x0000005f88200000] [id=12216]
  0x0000018ba78f3800 GCTaskThread "GC Thread#10" [stack: 0x0000005f88a00000,0x0000005f88b00000] [id=14136]
  0x0000018ba78f4800 GCTaskThread "GC Thread#11" [stack: 0x0000005f88b00000,0x0000005f88c00000] [id=21128]
  0x0000018bff707000 ConcurrentGCThread "G1 Main Marker" [stack: 0x0000005f85e00000,0x0000005f85f00000] [id=9096]
  0x0000018bff709800 ConcurrentGCThread "G1 Conc#0" [stack: 0x0000005f85f00000,0x0000005f86000000] [id=13632]
  0x0000018ba7414800 ConcurrentGCThread "G1 Conc#1" [stack: 0x0000005f87d00000,0x0000005f87e00000] [id=17168]
  0x0000018ba6e2c800 ConcurrentGCThread "G1 Conc#2" [stack: 0x0000005f87e00000,0x0000005f87f00000] [id=20756]
  0x0000018ba4dae000 ConcurrentGCThread "G1 Refine#0" [stack: 0x0000005f86000000,0x0000005f86100000] [id=8332]
  0x0000018ba4daf000 ConcurrentGCThread "G1 Young RemSet Sampling" [stack: 0x0000005f86100000,0x0000005f86200000] [id=17328]

Threads with active compile tasks:
C2 CompilerThread0    31169 8442   !   4       sun.net.www.ParseUtil::decode (317 bytes)
C2 CompilerThread1    31169 8446 %     4       sun.nio.cs.UTF_8$Decoder::decodeArrayLoop @ 73 (691 bytes)

VM state:not at safepoint (normal execution)

VM Mutex/Monitor currently owned by a thread: None

Heap address: 0x0000000709400000, size: 3948 MB, Compressed Oops mode: Zero based, Oop shift amount: 3
Narrow klass base: 0x0000000800000000, Narrow klass shift: 0
Compressed class space size: 1073741824 Address: 0x0000000800000000

Heap:
 garbage-first heap   total 305152K, used 135906K [0x0000000709400000, 0x0000000800000000)
  region size 1024K, 121 young (123904K), 16 survivors (16384K)
 Metaspace       used 77886K, capacity 79958K, committed 80048K, reserved 1118208K
  class space    used 9597K, capacity 10424K, committed 10496K, reserved 1048576K
Heap Regions: E=young(eden), S=young(survivor), O=old, HS=humongous(starts), HC=humongous(continues), CS=collection set, F=free, A=archive, TAMS=top-at-mark-start (previous, next)
|   0|0x0000000709400000, 0x0000000709500000, 0x0000000709500000|100%|HS|  |TAMS 0x0000000709500000, 0x0000000709400000| Complete 
|   1|0x0000000709500000, 0x0000000709600000, 0x0000000709600000|100%| O|  |TAMS 0x0000000709600000, 0x0000000709500000| Untracked 
|   2|0x0000000709600000, 0x0000000709700000, 0x0000000709700000|100%| O|  |TAMS 0x0000000709700000, 0x0000000709600000| Untracked 
|   3|0x0000000709700000, 0x0000000709800000, 0x0000000709800000|100%| O|  |TAMS 0x0000000709800000, 0x0000000709700000| Untracked 
|   4|0x0000000709800000, 0x0000000709900000, 0x0000000709900000|100%| O|  |TAMS 0x0000000709900000, 0x0000000709800000| Untracked 
|   5|0x0000000709900000, 0x0000000709a00000, 0x0000000709a00000|100%| O|  |TAMS 0x0000000709a00000, 0x0000000709900000| Untracked 
|   6|0x0000000709a00000, 0x0000000709b00000, 0x0000000709b00000|100%| O|  |TAMS 0x0000000709b00000, 0x0000000709a00000| Untracked 
|   7|0x0000000709b00000, 0x0000000709c00000, 0x0000000709c00000|100%| O|  |TAMS 0x0000000709c00000, 0x0000000709b00000| Untracked 
|   8|0x0000000709c00000, 0x0000000709d00000, 0x0000000709d00000|100%| O|  |TAMS 0x0000000709d00000, 0x0000000709c00000| Untracked 
|   9|0x0000000709d00000, 0x0000000709e00000, 0x0000000709e00000|100%| O|  |TAMS 0x0000000709dea200, 0x0000000709d00000| Untracked 
|  10|0x0000000709e00000, 0x0000000709f00000, 0x0000000709f00000|100%| O|  |TAMS 0x0000000709e00000, 0x0000000709e00000| Untracked 
|  11|0x0000000709f00000, 0x000000070a000000, 0x000000070a000000|100%| O|  |TAMS 0x0000000709f00000, 0x0000000709f00000| Untracked 
|  12|0x000000070a000000, 0x000000070a100000, 0x000000070a100000|100%| O|  |TAMS 0x000000070a000000, 0x000000070a000000| Untracked 
|  13|0x000000070a100000, 0x000000070a153a00, 0x000000070a200000| 32%| O|  |TAMS 0x000000070a100000, 0x000000070a100000| Untracked 
|  14|0x000000070a200000, 0x000000070a200000, 0x000000070a300000|  0%| F|  |TAMS 0x000000070a200000, 0x000000070a200000| Untracked 
|  15|0x000000070a300000, 0x000000070a300000, 0x000000070a400000|  0%| F|  |TAMS 0x000000070a300000, 0x000000070a300000| Untracked 
|  16|0x000000070a400000, 0x000000070a400000, 0x000000070a500000|  0%| F|  |TAMS 0x000000070a400000, 0x000000070a400000| Untracked 
|  17|0x000000070a500000, 0x000000070a500000, 0x000000070a600000|  0%| F|  |TAMS 0x000000070a500000, 0x000000070a500000| Untracked 
|  18|0x000000070a600000, 0x000000070a600000, 0x000000070a700000|  0%| F|  |TAMS 0x000000070a600000, 0x000000070a600000| Untracked 
|  19|0x000000070a700000, 0x000000070a700000, 0x000000070a800000|  0%| F|  |TAMS 0x000000070a700000, 0x000000070a700000| Untracked 
|  20|0x000000070a800000, 0x000000070a800000, 0x000000070a900000|  0%| F|  |TAMS 0x000000070a800000, 0x000000070a800000| Untracked 
|  21|0x000000070a900000, 0x000000070a900000, 0x000000070aa00000|  0%| F|  |TAMS 0x000000070a900000, 0x000000070a900000| Untracked 
|  22|0x000000070aa00000, 0x000000070aa00000, 0x000000070ab00000|  0%| F|  |TAMS 0x000000070aa00000, 0x000000070aa00000| Untracked 
|  23|0x000000070ab00000, 0x000000070ab00000, 0x000000070ac00000|  0%| F|  |TAMS 0x000000070ab00000, 0x000000070ab00000| Untracked 
|  24|0x000000070ac00000, 0x000000070ac00000, 0x000000070ad00000|  0%| F|  |TAMS 0x000000070ac00000, 0x000000070ac00000| Untracked 
|  25|0x000000070ad00000, 0x000000070ad00000, 0x000000070ae00000|  0%| F|  |TAMS 0x000000070ad00000, 0x000000070ad00000| Untracked 
|  26|0x000000070ae00000, 0x000000070ae00000, 0x000000070af00000|  0%| F|  |TAMS 0x000000070ae00000, 0x000000070ae00000| Untracked 
|  27|0x000000070af00000, 0x000000070af00000, 0x000000070b000000|  0%| F|  |TAMS 0x000000070af00000, 0x000000070af00000| Untracked 
|  28|0x000000070b000000, 0x000000070b000000, 0x000000070b100000|  0%| F|  |TAMS 0x000000070b000000, 0x000000070b000000| Untracked 
|  29|0x000000070b100000, 0x000000070b100000, 0x000000070b200000|  0%| F|  |TAMS 0x000000070b100000, 0x000000070b100000| Untracked 
|  30|0x000000070b200000, 0x000000070b200000, 0x000000070b300000|  0%| F|  |TAMS 0x000000070b200000, 0x000000070b200000| Untracked 
|  31|0x000000070b300000, 0x000000070b300000, 0x000000070b400000|  0%| F|  |TAMS 0x000000070b300000, 0x000000070b300000| Untracked 
|  32|0x000000070b400000, 0x000000070b400000, 0x000000070b500000|  0%| F|  |TAMS 0x000000070b400000, 0x000000070b400000| Untracked 
|  33|0x000000070b500000, 0x000000070b500000, 0x000000070b600000|  0%| F|  |TAMS 0x000000070b500000, 0x000000070b500000| Untracked 
|  34|0x000000070b600000, 0x000000070b600000, 0x000000070b700000|  0%| F|  |TAMS 0x000000070b600000, 0x000000070b600000| Untracked 
|  35|0x000000070b700000, 0x000000070b700000, 0x000000070b800000|  0%| F|  |TAMS 0x000000070b700000, 0x000000070b700000| Untracked 
|  36|0x000000070b800000, 0x000000070b800000, 0x000000070b900000|  0%| F|  |TAMS 0x000000070b800000, 0x000000070b800000| Untracked 
|  37|0x000000070b900000, 0x000000070b900000, 0x000000070ba00000|  0%| F|  |TAMS 0x000000070b900000, 0x000000070b900000| Untracked 
|  38|0x000000070ba00000, 0x000000070ba00000, 0x000000070bb00000|  0%| F|  |TAMS 0x000000070ba00000, 0x000000070ba00000| Untracked 
|  39|0x000000070bb00000, 0x000000070bb00000, 0x000000070bc00000|  0%| F|  |TAMS 0x000000070bb00000, 0x000000070bb00000| Untracked 
|  40|0x000000070bc00000, 0x000000070bc00000, 0x000000070bd00000|  0%| F|  |TAMS 0x000000070bc00000, 0x000000070bc00000| Untracked 
|  41|0x000000070bd00000, 0x000000070bd00000, 0x000000070be00000|  0%| F|  |TAMS 0x000000070bd00000, 0x000000070bd00000| Untracked 
|  42|0x000000070be00000, 0x000000070be00000, 0x000000070bf00000|  0%| F|  |TAMS 0x000000070be00000, 0x000000070be00000| Untracked 
|  43|0x000000070bf00000, 0x000000070bf00000, 0x000000070c000000|  0%| F|  |TAMS 0x000000070bf00000, 0x000000070bf00000| Untracked 
|  44|0x000000070c000000, 0x000000070c000000, 0x000000070c100000|  0%| F|  |TAMS 0x000000070c000000, 0x000000070c000000| Untracked 
|  45|0x000000070c100000, 0x000000070c100000, 0x000000070c200000|  0%| F|  |TAMS 0x000000070c100000, 0x000000070c100000| Untracked 
|  46|0x000000070c200000, 0x000000070c200000, 0x000000070c300000|  0%| F|  |TAMS 0x000000070c200000, 0x000000070c200000| Untracked 
|  47|0x000000070c300000, 0x000000070c300000, 0x000000070c400000|  0%| F|  |TAMS 0x000000070c300000, 0x000000070c300000| Untracked 
|  48|0x000000070c400000, 0x000000070c400000, 0x000000070c500000|  0%| F|  |TAMS 0x000000070c400000, 0x000000070c400000| Untracked 
|  49|0x000000070c500000, 0x000000070c500000, 0x000000070c600000|  0%| F|  |TAMS 0x000000070c500000, 0x000000070c500000| Untracked 
|  50|0x000000070c600000, 0x000000070c600000, 0x000000070c700000|  0%| F|  |TAMS 0x000000070c600000, 0x000000070c600000| Untracked 
|  51|0x000000070c700000, 0x000000070c700000, 0x000000070c800000|  0%| F|  |TAMS 0x000000070c700000, 0x000000070c700000| Untracked 
|  52|0x000000070c800000, 0x000000070c800000, 0x000000070c900000|  0%| F|  |TAMS 0x000000070c800000, 0x000000070c800000| Untracked 
|  53|0x000000070c900000, 0x000000070c900000, 0x000000070ca00000|  0%| F|  |TAMS 0x000000070c900000, 0x000000070c900000| Untracked 
|  54|0x000000070ca00000, 0x000000070ca00000, 0x000000070cb00000|  0%| F|  |TAMS 0x000000070ca00000, 0x000000070ca00000| Untracked 
|  55|0x000000070cb00000, 0x000000070cb00000, 0x000000070cc00000|  0%| F|  |TAMS 0x000000070cb00000, 0x000000070cb00000| Untracked 
|  56|0x000000070cc00000, 0x000000070cc00000, 0x000000070cd00000|  0%| F|  |TAMS 0x000000070cc00000, 0x000000070cc00000| Untracked 
|  57|0x000000070cd00000, 0x000000070cd00000, 0x000000070ce00000|  0%| F|  |TAMS 0x000000070cd00000, 0x000000070cd00000| Untracked 
|  58|0x000000070ce00000, 0x000000070ce00000, 0x000000070cf00000|  0%| F|  |TAMS 0x000000070ce00000, 0x000000070ce00000| Untracked 
|  59|0x000000070cf00000, 0x000000070cf00000, 0x000000070d000000|  0%| F|  |TAMS 0x000000070cf00000, 0x000000070cf00000| Untracked 
|  60|0x000000070d000000, 0x000000070d000000, 0x000000070d100000|  0%| F|  |TAMS 0x000000070d000000, 0x000000070d000000| Untracked 
|  61|0x000000070d100000, 0x000000070d100000, 0x000000070d200000|  0%| F|  |TAMS 0x000000070d100000, 0x000000070d100000| Untracked 
|  62|0x000000070d200000, 0x000000070d200000, 0x000000070d300000|  0%| F|  |TAMS 0x000000070d200000, 0x000000070d200000| Untracked 
|  63|0x000000070d300000, 0x000000070d300000, 0x000000070d400000|  0%| F|  |TAMS 0x000000070d300000, 0x000000070d300000| Untracked 
|  64|0x000000070d400000, 0x000000070d400000, 0x000000070d500000|  0%| F|  |TAMS 0x000000070d400000, 0x000000070d400000| Untracked 
|  65|0x000000070d500000, 0x000000070d500000, 0x000000070d600000|  0%| F|  |TAMS 0x000000070d500000, 0x000000070d500000| Untracked 
|  66|0x000000070d600000, 0x000000070d600000, 0x000000070d700000|  0%| F|  |TAMS 0x000000070d600000, 0x000000070d600000| Untracked 
|  67|0x000000070d700000, 0x000000070d700000, 0x000000070d800000|  0%| F|  |TAMS 0x000000070d700000, 0x000000070d700000| Untracked 
|  68|0x000000070d800000, 0x000000070d800000, 0x000000070d900000|  0%| F|  |TAMS 0x000000070d800000, 0x000000070d800000| Untracked 
|  69|0x000000070d900000, 0x000000070d900000, 0x000000070da00000|  0%| F|  |TAMS 0x000000070d900000, 0x000000070d900000| Untracked 
|  70|0x000000070da00000, 0x000000070da00000, 0x000000070db00000|  0%| F|  |TAMS 0x000000070da00000, 0x000000070da00000| Untracked 
|  71|0x000000070db00000, 0x000000070db00000, 0x000000070dc00000|  0%| F|  |TAMS 0x000000070db00000, 0x000000070db00000| Untracked 
|  72|0x000000070dc00000, 0x000000070dc00000, 0x000000070dd00000|  0%| F|  |TAMS 0x000000070dc00000, 0x000000070dc00000| Untracked 
|  73|0x000000070dd00000, 0x000000070dd00000, 0x000000070de00000|  0%| F|  |TAMS 0x000000070dd00000, 0x000000070dd00000| Untracked 
|  74|0x000000070de00000, 0x000000070de00000, 0x000000070df00000|  0%| F|  |TAMS 0x000000070de00000, 0x000000070de00000| Untracked 
|  75|0x000000070df00000, 0x000000070df00000, 0x000000070e000000|  0%| F|  |TAMS 0x000000070df00000, 0x000000070df00000| Untracked 
|  76|0x000000070e000000, 0x000000070e000000, 0x000000070e100000|  0%| F|  |TAMS 0x000000070e000000, 0x000000070e000000| Untracked 
|  77|0x000000070e100000, 0x000000070e100000, 0x000000070e200000|  0%| F|  |TAMS 0x000000070e100000, 0x000000070e100000| Untracked 
|  78|0x000000070e200000, 0x000000070e200000, 0x000000070e300000|  0%| F|  |TAMS 0x000000070e200000, 0x000000070e200000| Untracked 
|  79|0x000000070e300000, 0x000000070e300000, 0x000000070e400000|  0%| F|  |TAMS 0x000000070e300000, 0x000000070e300000| Untracked 
|  80|0x000000070e400000, 0x000000070e400000, 0x000000070e500000|  0%| F|  |TAMS 0x000000070e400000, 0x000000070e400000| Untracked 
|  81|0x000000070e500000, 0x000000070e500000, 0x000000070e600000|  0%| F|  |TAMS 0x000000070e500000, 0x000000070e500000| Untracked 
|  82|0x000000070e600000, 0x000000070e600000, 0x000000070e700000|  0%| F|  |TAMS 0x000000070e600000, 0x000000070e600000| Untracked 
|  83|0x000000070e700000, 0x000000070e700000, 0x000000070e800000|  0%| F|  |TAMS 0x000000070e700000, 0x000000070e700000| Untracked 
|  84|0x000000070e800000, 0x000000070e800000, 0x000000070e900000|  0%| F|  |TAMS 0x000000070e800000, 0x000000070e800000| Untracked 
|  85|0x000000070e900000, 0x000000070e900000, 0x000000070ea00000|  0%| F|  |TAMS 0x000000070e900000, 0x000000070e900000| Untracked 
|  86|0x000000070ea00000, 0x000000070ea00000, 0x000000070eb00000|  0%| F|  |TAMS 0x000000070ea00000, 0x000000070ea00000| Untracked 
|  87|0x000000070eb00000, 0x000000070eb00000, 0x000000070ec00000|  0%| F|  |TAMS 0x000000070eb00000, 0x000000070eb00000| Untracked 
|  88|0x000000070ec00000, 0x000000070ec00000, 0x000000070ed00000|  0%| F|  |TAMS 0x000000070ec00000, 0x000000070ec00000| Untracked 
|  89|0x000000070ed00000, 0x000000070ed00000, 0x000000070ee00000|  0%| F|  |TAMS 0x000000070ed00000, 0x000000070ed00000| Untracked 
|  90|0x000000070ee00000, 0x000000070ee00000, 0x000000070ef00000|  0%| F|  |TAMS 0x000000070ee00000, 0x000000070ee00000| Untracked 
|  91|0x000000070ef00000, 0x000000070ef00000, 0x000000070f000000|  0%| F|  |TAMS 0x000000070ef00000, 0x000000070ef00000| Untracked 
|  92|0x000000070f000000, 0x000000070f000000, 0x000000070f100000|  0%| F|  |TAMS 0x000000070f000000, 0x000000070f000000| Untracked 
|  93|0x000000070f100000, 0x000000070f100000, 0x000000070f200000|  0%| F|  |TAMS 0x000000070f100000, 0x000000070f100000| Untracked 
|  94|0x000000070f200000, 0x000000070f200000, 0x000000070f300000|  0%| F|  |TAMS 0x000000070f200000, 0x000000070f200000| Untracked 
|  95|0x000000070f300000, 0x000000070f300000, 0x000000070f400000|  0%| F|  |TAMS 0x000000070f300000, 0x000000070f300000| Untracked 
|  96|0x000000070f400000, 0x000000070f400000, 0x000000070f500000|  0%| F|  |TAMS 0x000000070f400000, 0x000000070f400000| Untracked 
|  97|0x000000070f500000, 0x000000070f500000, 0x000000070f600000|  0%| F|  |TAMS 0x000000070f500000, 0x000000070f500000| Untracked 
|  98|0x000000070f600000, 0x000000070f600000, 0x000000070f700000|  0%| F|  |TAMS 0x000000070f600000, 0x000000070f600000| Untracked 
|  99|0x000000070f700000, 0x000000070f700000, 0x000000070f800000|  0%| F|  |TAMS 0x000000070f700000, 0x000000070f700000| Untracked 
| 100|0x000000070f800000, 0x000000070f800000, 0x000000070f900000|  0%| F|  |TAMS 0x000000070f800000, 0x000000070f800000| Untracked 
| 101|0x000000070f900000, 0x000000070f900000, 0x000000070fa00000|  0%| F|  |TAMS 0x000000070f900000, 0x000000070f900000| Untracked 
| 102|0x000000070fa00000, 0x000000070fa00000, 0x000000070fb00000|  0%| F|  |TAMS 0x000000070fa00000, 0x000000070fa00000| Untracked 
| 103|0x000000070fb00000, 0x000000070fb00000, 0x000000070fc00000|  0%| F|  |TAMS 0x000000070fb00000, 0x000000070fb00000| Untracked 
| 104|0x000000070fc00000, 0x000000070fc00000, 0x000000070fd00000|  0%| F|  |TAMS 0x000000070fc00000, 0x000000070fc00000| Untracked 
| 105|0x000000070fd00000, 0x000000070fd00000, 0x000000070fe00000|  0%| F|  |TAMS 0x000000070fd00000, 0x000000070fd00000| Untracked 
| 106|0x000000070fe00000, 0x000000070fe00000, 0x000000070ff00000|  0%| F|  |TAMS 0x000000070fe00000, 0x000000070fe00000| Untracked 
| 107|0x000000070ff00000, 0x000000070ff00000, 0x0000000710000000|  0%| F|  |TAMS 0x000000070ff00000, 0x000000070ff00000| Untracked 
| 108|0x0000000710000000, 0x0000000710000000, 0x0000000710100000|  0%| F|  |TAMS 0x0000000710000000, 0x0000000710000000| Untracked 
| 109|0x0000000710100000, 0x0000000710100000, 0x0000000710200000|  0%| F|  |TAMS 0x0000000710100000, 0x0000000710100000| Untracked 
| 110|0x0000000710200000, 0x0000000710200000, 0x0000000710300000|  0%| F|  |TAMS 0x0000000710200000, 0x0000000710200000| Untracked 
| 111|0x0000000710300000, 0x0000000710300000, 0x0000000710400000|  0%| F|  |TAMS 0x0000000710300000, 0x0000000710300000| Untracked 
| 112|0x0000000710400000, 0x0000000710400000, 0x0000000710500000|  0%| F|  |TAMS 0x0000000710400000, 0x0000000710400000| Untracked 
| 113|0x0000000710500000, 0x0000000710500000, 0x0000000710600000|  0%| F|  |TAMS 0x0000000710500000, 0x0000000710500000| Untracked 
| 114|0x0000000710600000, 0x0000000710600000, 0x0000000710700000|  0%| F|  |TAMS 0x0000000710600000, 0x0000000710600000| Untracked 
| 115|0x0000000710700000, 0x0000000710700000, 0x0000000710800000|  0%| F|  |TAMS 0x0000000710700000, 0x0000000710700000| Untracked 
| 116|0x0000000710800000, 0x0000000710800000, 0x0000000710900000|  0%| F|  |TAMS 0x0000000710800000, 0x0000000710800000| Untracked 
| 117|0x0000000710900000, 0x0000000710900000, 0x0000000710a00000|  0%| F|  |TAMS 0x0000000710900000, 0x0000000710900000| Untracked 
| 118|0x0000000710a00000, 0x0000000710a64ed0, 0x0000000710b00000| 39%| S|CS|TAMS 0x0000000710a00000, 0x0000000710a00000| Complete 
| 119|0x0000000710b00000, 0x0000000710c00000, 0x0000000710c00000|100%| S|CS|TAMS 0x0000000710b00000, 0x0000000710b00000| Complete 
| 120|0x0000000710c00000, 0x0000000710d00000, 0x0000000710d00000|100%| S|CS|TAMS 0x0000000710c00000, 0x0000000710c00000| Complete 
| 121|0x0000000710d00000, 0x0000000710e00000, 0x0000000710e00000|100%| S|CS|TAMS 0x0000000710d00000, 0x0000000710d00000| Complete 
| 122|0x0000000710e00000, 0x0000000710f00000, 0x0000000710f00000|100%| S|CS|TAMS 0x0000000710e00000, 0x0000000710e00000| Complete 
| 123|0x0000000710f00000, 0x0000000711000000, 0x0000000711000000|100%| S|CS|TAMS 0x0000000710f00000, 0x0000000710f00000| Complete 
| 124|0x0000000711000000, 0x0000000711100000, 0x0000000711100000|100%| S|CS|TAMS 0x0000000711000000, 0x0000000711000000| Complete 
| 125|0x0000000711100000, 0x0000000711200000, 0x0000000711200000|100%| S|CS|TAMS 0x0000000711100000, 0x0000000711100000| Complete 
| 126|0x0000000711200000, 0x0000000711300000, 0x0000000711300000|100%| S|CS|TAMS 0x0000000711200000, 0x0000000711200000| Complete 
| 127|0x0000000711300000, 0x0000000711400000, 0x0000000711400000|100%| S|CS|TAMS 0x0000000711300000, 0x0000000711300000| Complete 
| 128|0x0000000711400000, 0x0000000711500000, 0x0000000711500000|100%| S|CS|TAMS 0x0000000711400000, 0x0000000711400000| Complete 
| 129|0x0000000711500000, 0x0000000711600000, 0x0000000711600000|100%| S|CS|TAMS 0x0000000711500000, 0x0000000711500000| Complete 
| 130|0x0000000711600000, 0x0000000711700000, 0x0000000711700000|100%| S|CS|TAMS 0x0000000711600000, 0x0000000711600000| Complete 
| 131|0x0000000711700000, 0x0000000711800000, 0x0000000711800000|100%| S|CS|TAMS 0x0000000711700000, 0x0000000711700000| Complete 
| 132|0x0000000711800000, 0x0000000711900000, 0x0000000711900000|100%| S|CS|TAMS 0x0000000711800000, 0x0000000711800000| Complete 
| 133|0x0000000711900000, 0x0000000711a00000, 0x0000000711a00000|100%| S|CS|TAMS 0x0000000711900000, 0x0000000711900000| Complete 
| 134|0x0000000711a00000, 0x0000000711a00000, 0x0000000711b00000|  0%| F|  |TAMS 0x0000000711a00000, 0x0000000711a00000| Untracked 
| 135|0x0000000711b00000, 0x0000000711b00000, 0x0000000711c00000|  0%| F|  |TAMS 0x0000000711b00000, 0x0000000711b00000| Untracked 
| 136|0x0000000711c00000, 0x0000000711c00000, 0x0000000711d00000|  0%| F|  |TAMS 0x0000000711c00000, 0x0000000711c00000| Untracked 
| 137|0x0000000711d00000, 0x0000000711d00000, 0x0000000711e00000|  0%| F|  |TAMS 0x0000000711d00000, 0x0000000711d00000| Untracked 
| 138|0x0000000711e00000, 0x0000000711e00000, 0x0000000711f00000|  0%| F|  |TAMS 0x0000000711e00000, 0x0000000711e00000| Untracked 
| 139|0x0000000711f00000, 0x0000000711f00000, 0x0000000712000000|  0%| F|  |TAMS 0x0000000711f00000, 0x0000000711f00000| Untracked 
| 140|0x0000000712000000, 0x0000000712000000, 0x0000000712100000|  0%| F|  |TAMS 0x0000000712000000, 0x0000000712000000| Untracked 
| 141|0x0000000712100000, 0x0000000712100000, 0x0000000712200000|  0%| F|  |TAMS 0x0000000712100000, 0x0000000712100000| Untracked 
| 142|0x0000000712200000, 0x0000000712200000, 0x0000000712300000|  0%| F|  |TAMS 0x0000000712200000, 0x0000000712200000| Untracked 
| 143|0x0000000712300000, 0x0000000712300000, 0x0000000712400000|  0%| F|  |TAMS 0x0000000712300000, 0x0000000712300000| Untracked 
| 144|0x0000000712400000, 0x0000000712400000, 0x0000000712500000|  0%| F|  |TAMS 0x0000000712400000, 0x0000000712400000| Untracked 
| 145|0x0000000712500000, 0x0000000712500000, 0x0000000712600000|  0%| F|  |TAMS 0x0000000712500000, 0x0000000712500000| Untracked 
| 146|0x0000000712600000, 0x0000000712600000, 0x0000000712700000|  0%| F|  |TAMS 0x0000000712600000, 0x0000000712600000| Untracked 
| 147|0x0000000712700000, 0x0000000712700000, 0x0000000712800000|  0%| F|  |TAMS 0x0000000712700000, 0x0000000712700000| Untracked 
| 148|0x0000000712800000, 0x0000000712800000, 0x0000000712900000|  0%| F|  |TAMS 0x0000000712800000, 0x0000000712800000| Untracked 
| 149|0x0000000712900000, 0x0000000712900000, 0x0000000712a00000|  0%| F|  |TAMS 0x0000000712900000, 0x0000000712900000| Untracked 
| 150|0x0000000712a00000, 0x0000000712a00000, 0x0000000712b00000|  0%| F|  |TAMS 0x0000000712a00000, 0x0000000712a00000| Untracked 
| 151|0x0000000712b00000, 0x0000000712b00000, 0x0000000712c00000|  0%| F|  |TAMS 0x0000000712b00000, 0x0000000712b00000| Untracked 
| 152|0x0000000712c00000, 0x0000000712c00000, 0x0000000712d00000|  0%| F|  |TAMS 0x0000000712c00000, 0x0000000712c00000| Untracked 
| 153|0x0000000712d00000, 0x0000000712d00000, 0x0000000712e00000|  0%| F|  |TAMS 0x0000000712d00000, 0x0000000712d00000| Untracked 
| 154|0x0000000712e00000, 0x0000000712e00000, 0x0000000712f00000|  0%| F|  |TAMS 0x0000000712e00000, 0x0000000712e00000| Untracked 
| 155|0x0000000712f00000, 0x0000000712f00000, 0x0000000713000000|  0%| F|  |TAMS 0x0000000712f00000, 0x0000000712f00000| Untracked 
| 156|0x0000000713000000, 0x0000000713000000, 0x0000000713100000|  0%| F|  |TAMS 0x0000000713000000, 0x0000000713000000| Untracked 
| 157|0x0000000713100000, 0x0000000713100000, 0x0000000713200000|  0%| F|  |TAMS 0x0000000713100000, 0x0000000713100000| Untracked 
| 158|0x0000000713200000, 0x0000000713200000, 0x0000000713300000|  0%| F|  |TAMS 0x0000000713200000, 0x0000000713200000| Untracked 
| 159|0x0000000713300000, 0x0000000713300000, 0x0000000713400000|  0%| F|  |TAMS 0x0000000713300000, 0x0000000713300000| Untracked 
| 160|0x0000000713400000, 0x0000000713400000, 0x0000000713500000|  0%| F|  |TAMS 0x0000000713400000, 0x0000000713400000| Untracked 
| 161|0x0000000713500000, 0x0000000713500000, 0x0000000713600000|  0%| F|  |TAMS 0x0000000713500000, 0x0000000713500000| Untracked 
| 162|0x0000000713600000, 0x0000000713600000, 0x0000000713700000|  0%| F|  |TAMS 0x0000000713600000, 0x0000000713600000| Untracked 
| 163|0x0000000713700000, 0x0000000713700000, 0x0000000713800000|  0%| F|  |TAMS 0x0000000713700000, 0x0000000713700000| Untracked 
| 164|0x0000000713800000, 0x0000000713800000, 0x0000000713900000|  0%| F|  |TAMS 0x0000000713800000, 0x0000000713800000| Untracked 
| 165|0x0000000713900000, 0x0000000713900000, 0x0000000713a00000|  0%| F|  |TAMS 0x0000000713900000, 0x0000000713900000| Untracked 
| 166|0x0000000713a00000, 0x0000000713a00000, 0x0000000713b00000|  0%| F|  |TAMS 0x0000000713a00000, 0x0000000713a00000| Untracked 
| 167|0x0000000713b00000, 0x0000000713b00000, 0x0000000713c00000|  0%| F|  |TAMS 0x0000000713b00000, 0x0000000713b00000| Untracked 
| 168|0x0000000713c00000, 0x0000000713c00000, 0x0000000713d00000|  0%| F|  |TAMS 0x0000000713c00000, 0x0000000713c00000| Untracked 
| 169|0x0000000713d00000, 0x0000000713d00000, 0x0000000713e00000|  0%| F|  |TAMS 0x0000000713d00000, 0x0000000713d00000| Untracked 
| 170|0x0000000713e00000, 0x0000000713e00000, 0x0000000713f00000|  0%| F|  |TAMS 0x0000000713e00000, 0x0000000713e00000| Untracked 
| 171|0x0000000713f00000, 0x0000000713f00000, 0x0000000714000000|  0%| F|  |TAMS 0x0000000713f00000, 0x0000000713f00000| Untracked 
| 172|0x0000000714000000, 0x0000000714000000, 0x0000000714100000|  0%| F|  |TAMS 0x0000000714000000, 0x0000000714000000| Untracked 
| 173|0x0000000714100000, 0x0000000714100000, 0x0000000714200000|  0%| F|  |TAMS 0x0000000714100000, 0x0000000714100000| Untracked 
| 174|0x0000000714200000, 0x0000000714200000, 0x0000000714300000|  0%| F|  |TAMS 0x0000000714200000, 0x0000000714200000| Untracked 
| 175|0x0000000714300000, 0x0000000714300000, 0x0000000714400000|  0%| F|  |TAMS 0x0000000714300000, 0x0000000714300000| Untracked 
| 176|0x0000000714400000, 0x0000000714400000, 0x0000000714500000|  0%| F|  |TAMS 0x0000000714400000, 0x0000000714400000| Untracked 
| 177|0x0000000714500000, 0x0000000714500000, 0x0000000714600000|  0%| F|  |TAMS 0x0000000714500000, 0x0000000714500000| Untracked 
| 178|0x0000000714600000, 0x0000000714600000, 0x0000000714700000|  0%| F|  |TAMS 0x0000000714600000, 0x0000000714600000| Untracked 
| 179|0x0000000714700000, 0x0000000714700000, 0x0000000714800000|  0%| F|  |TAMS 0x0000000714700000, 0x0000000714700000| Untracked 
| 180|0x0000000714800000, 0x0000000714800000, 0x0000000714900000|  0%| F|  |TAMS 0x0000000714800000, 0x0000000714800000| Untracked 
| 181|0x0000000714900000, 0x0000000714900000, 0x0000000714a00000|  0%| F|  |TAMS 0x0000000714900000, 0x0000000714900000| Untracked 
| 182|0x0000000714a00000, 0x0000000714a00000, 0x0000000714b00000|  0%| F|  |TAMS 0x0000000714a00000, 0x0000000714a00000| Untracked 
| 183|0x0000000714b00000, 0x0000000714b00000, 0x0000000714c00000|  0%| F|  |TAMS 0x0000000714b00000, 0x0000000714b00000| Untracked 
| 184|0x0000000714c00000, 0x0000000714c00000, 0x0000000714d00000|  0%| F|  |TAMS 0x0000000714c00000, 0x0000000714c00000| Untracked 
| 185|0x0000000714d00000, 0x0000000714d00000, 0x0000000714e00000|  0%| F|  |TAMS 0x0000000714d00000, 0x0000000714d00000| Untracked 
| 186|0x0000000714e00000, 0x0000000714e00000, 0x0000000714f00000|  0%| F|  |TAMS 0x0000000714e00000, 0x0000000714e00000| Untracked 
| 187|0x0000000714f00000, 0x0000000714f00000, 0x0000000715000000|  0%| F|  |TAMS 0x0000000714f00000, 0x0000000714f00000| Untracked 
| 188|0x0000000715000000, 0x0000000715000000, 0x0000000715100000|  0%| F|  |TAMS 0x0000000715000000, 0x0000000715000000| Untracked 
| 189|0x0000000715100000, 0x0000000715100000, 0x0000000715200000|  0%| F|  |TAMS 0x0000000715100000, 0x0000000715100000| Untracked 
| 190|0x0000000715200000, 0x0000000715200000, 0x0000000715300000|  0%| F|  |TAMS 0x0000000715200000, 0x0000000715200000| Untracked 
| 191|0x0000000715300000, 0x0000000715300000, 0x0000000715400000|  0%| F|  |TAMS 0x0000000715300000, 0x0000000715300000| Untracked 
| 192|0x0000000715400000, 0x0000000715400000, 0x0000000715500000|  0%| F|  |TAMS 0x0000000715400000, 0x0000000715400000| Untracked 
| 193|0x0000000715500000, 0x00000007155f7758, 0x0000000715600000| 96%| E|  |TAMS 0x0000000715500000, 0x0000000715500000| Complete 
| 194|0x0000000715600000, 0x0000000715700000, 0x0000000715700000|100%| E|CS|TAMS 0x0000000715600000, 0x0000000715600000| Complete 
| 195|0x0000000715700000, 0x0000000715800000, 0x0000000715800000|100%| E|CS|TAMS 0x0000000715700000, 0x0000000715700000| Complete 
| 196|0x0000000715800000, 0x0000000715900000, 0x0000000715900000|100%| E|CS|TAMS 0x0000000715800000, 0x0000000715800000| Complete 
| 197|0x0000000715900000, 0x0000000715a00000, 0x0000000715a00000|100%| E|CS|TAMS 0x0000000715900000, 0x0000000715900000| Complete 
| 198|0x0000000715a00000, 0x0000000715b00000, 0x0000000715b00000|100%| E|CS|TAMS 0x0000000715a00000, 0x0000000715a00000| Complete 
| 199|0x0000000715b00000, 0x0000000715c00000, 0x0000000715c00000|100%| E|CS|TAMS 0x0000000715b00000, 0x0000000715b00000| Complete 
| 200|0x0000000715c00000, 0x0000000715d00000, 0x0000000715d00000|100%| E|CS|TAMS 0x0000000715c00000, 0x0000000715c00000| Complete 
| 201|0x0000000715d00000, 0x0000000715e00000, 0x0000000715e00000|100%| E|CS|TAMS 0x0000000715d00000, 0x0000000715d00000| Complete 
| 202|0x0000000715e00000, 0x0000000715f00000, 0x0000000715f00000|100%| E|CS|TAMS 0x0000000715e00000, 0x0000000715e00000| Complete 
| 203|0x0000000715f00000, 0x0000000716000000, 0x0000000716000000|100%| E|CS|TAMS 0x0000000715f00000, 0x0000000715f00000| Complete 
| 204|0x0000000716000000, 0x0000000716100000, 0x0000000716100000|100%| E|CS|TAMS 0x0000000716000000, 0x0000000716000000| Complete 
| 205|0x0000000716100000, 0x0000000716200000, 0x0000000716200000|100%| E|CS|TAMS 0x0000000716100000, 0x0000000716100000| Complete 
| 206|0x0000000716200000, 0x0000000716300000, 0x0000000716300000|100%| E|CS|TAMS 0x0000000716200000, 0x0000000716200000| Complete 
| 207|0x0000000716300000, 0x0000000716400000, 0x0000000716400000|100%| E|CS|TAMS 0x0000000716300000, 0x0000000716300000| Complete 
| 208|0x0000000716400000, 0x0000000716500000, 0x0000000716500000|100%| E|CS|TAMS 0x0000000716400000, 0x0000000716400000| Complete 
| 209|0x0000000716500000, 0x0000000716600000, 0x0000000716600000|100%| E|CS|TAMS 0x0000000716500000, 0x0000000716500000| Complete 
| 210|0x0000000716600000, 0x0000000716700000, 0x0000000716700000|100%| E|CS|TAMS 0x0000000716600000, 0x0000000716600000| Complete 
| 211|0x0000000716700000, 0x0000000716800000, 0x0000000716800000|100%| E|CS|TAMS 0x0000000716700000, 0x0000000716700000| Complete 
| 212|0x0000000716800000, 0x0000000716900000, 0x0000000716900000|100%| E|CS|TAMS 0x0000000716800000, 0x0000000716800000| Complete 
| 213|0x0000000716900000, 0x0000000716a00000, 0x0000000716a00000|100%| E|CS|TAMS 0x0000000716900000, 0x0000000716900000| Complete 
| 214|0x0000000716a00000, 0x0000000716b00000, 0x0000000716b00000|100%| E|CS|TAMS 0x0000000716a00000, 0x0000000716a00000| Complete 
| 215|0x0000000716b00000, 0x0000000716c00000, 0x0000000716c00000|100%| E|CS|TAMS 0x0000000716b00000, 0x0000000716b00000| Complete 
| 216|0x0000000716c00000, 0x0000000716d00000, 0x0000000716d00000|100%| E|CS|TAMS 0x0000000716c00000, 0x0000000716c00000| Complete 
| 217|0x0000000716d00000, 0x0000000716e00000, 0x0000000716e00000|100%| E|CS|TAMS 0x0000000716d00000, 0x0000000716d00000| Complete 
| 218|0x0000000716e00000, 0x0000000716f00000, 0x0000000716f00000|100%| E|CS|TAMS 0x0000000716e00000, 0x0000000716e00000| Complete 
| 219|0x0000000716f00000, 0x0000000717000000, 0x0000000717000000|100%| E|CS|TAMS 0x0000000716f00000, 0x0000000716f00000| Complete 
| 220|0x0000000717000000, 0x0000000717100000, 0x0000000717100000|100%| E|CS|TAMS 0x0000000717000000, 0x0000000717000000| Complete 
| 221|0x0000000717100000, 0x0000000717200000, 0x0000000717200000|100%| E|CS|TAMS 0x0000000717100000, 0x0000000717100000| Complete 
| 222|0x0000000717200000, 0x0000000717300000, 0x0000000717300000|100%| E|CS|TAMS 0x0000000717200000, 0x0000000717200000| Complete 
| 223|0x0000000717300000, 0x0000000717400000, 0x0000000717400000|100%| E|CS|TAMS 0x0000000717300000, 0x0000000717300000| Complete 
| 224|0x0000000717400000, 0x0000000717500000, 0x0000000717500000|100%| E|CS|TAMS 0x0000000717400000, 0x0000000717400000| Complete 
| 225|0x0000000717500000, 0x0000000717600000, 0x0000000717600000|100%| E|CS|TAMS 0x0000000717500000, 0x0000000717500000| Complete 
| 226|0x0000000717600000, 0x0000000717700000, 0x0000000717700000|100%| E|CS|TAMS 0x0000000717600000, 0x0000000717600000| Complete 
| 227|0x0000000717700000, 0x0000000717800000, 0x0000000717800000|100%| E|CS|TAMS 0x0000000717700000, 0x0000000717700000| Complete 
| 228|0x0000000717800000, 0x0000000717900000, 0x0000000717900000|100%| E|CS|TAMS 0x0000000717800000, 0x0000000717800000| Complete 
| 229|0x0000000717900000, 0x0000000717a00000, 0x0000000717a00000|100%| E|CS|TAMS 0x0000000717900000, 0x0000000717900000| Complete 
| 230|0x0000000717a00000, 0x0000000717b00000, 0x0000000717b00000|100%| E|CS|TAMS 0x0000000717a00000, 0x0000000717a00000| Complete 
| 231|0x0000000717b00000, 0x0000000717c00000, 0x0000000717c00000|100%| E|CS|TAMS 0x0000000717b00000, 0x0000000717b00000| Complete 
| 232|0x0000000717c00000, 0x0000000717d00000, 0x0000000717d00000|100%| E|CS|TAMS 0x0000000717c00000, 0x0000000717c00000| Complete 
| 233|0x0000000717d00000, 0x0000000717e00000, 0x0000000717e00000|100%| E|CS|TAMS 0x0000000717d00000, 0x0000000717d00000| Complete 
| 234|0x0000000717e00000, 0x0000000717f00000, 0x0000000717f00000|100%| E|CS|TAMS 0x0000000717e00000, 0x0000000717e00000| Complete 
| 235|0x0000000717f00000, 0x0000000718000000, 0x0000000718000000|100%| E|CS|TAMS 0x0000000717f00000, 0x0000000717f00000| Complete 
| 236|0x0000000718000000, 0x0000000718100000, 0x0000000718100000|100%| E|CS|TAMS 0x0000000718000000, 0x0000000718000000| Complete 
| 237|0x0000000718100000, 0x0000000718200000, 0x0000000718200000|100%| E|CS|TAMS 0x0000000718100000, 0x0000000718100000| Complete 
| 238|0x0000000718200000, 0x0000000718300000, 0x0000000718300000|100%| E|CS|TAMS 0x0000000718200000, 0x0000000718200000| Complete 
| 239|0x0000000718300000, 0x0000000718400000, 0x0000000718400000|100%| E|CS|TAMS 0x0000000718300000, 0x0000000718300000| Complete 
| 240|0x0000000718400000, 0x0000000718500000, 0x0000000718500000|100%| E|CS|TAMS 0x0000000718400000, 0x0000000718400000| Complete 
| 241|0x0000000718500000, 0x0000000718600000, 0x0000000718600000|100%| E|CS|TAMS 0x0000000718500000, 0x0000000718500000| Complete 
| 242|0x0000000718600000, 0x0000000718700000, 0x0000000718700000|100%| E|CS|TAMS 0x0000000718600000, 0x0000000718600000| Complete 
| 243|0x0000000718700000, 0x0000000718800000, 0x0000000718800000|100%| E|CS|TAMS 0x0000000718700000, 0x0000000718700000| Complete 
| 244|0x0000000718800000, 0x0000000718900000, 0x0000000718900000|100%| E|CS|TAMS 0x0000000718800000, 0x0000000718800000| Complete 
| 245|0x0000000718900000, 0x0000000718a00000, 0x0000000718a00000|100%| E|CS|TAMS 0x0000000718900000, 0x0000000718900000| Complete 
| 246|0x0000000718a00000, 0x0000000718b00000, 0x0000000718b00000|100%| E|CS|TAMS 0x0000000718a00000, 0x0000000718a00000| Complete 
| 247|0x0000000718b00000, 0x0000000718c00000, 0x0000000718c00000|100%| E|CS|TAMS 0x0000000718b00000, 0x0000000718b00000| Complete 
| 248|0x0000000718c00000, 0x0000000718d00000, 0x0000000718d00000|100%| E|CS|TAMS 0x0000000718c00000, 0x0000000718c00000| Complete 
| 249|0x0000000718d00000, 0x0000000718e00000, 0x0000000718e00000|100%| E|CS|TAMS 0x0000000718d00000, 0x0000000718d00000| Complete 
| 250|0x0000000718e00000, 0x0000000718f00000, 0x0000000718f00000|100%| E|CS|TAMS 0x0000000718e00000, 0x0000000718e00000| Complete 
| 251|0x0000000718f00000, 0x0000000719000000, 0x0000000719000000|100%| E|CS|TAMS 0x0000000718f00000, 0x0000000718f00000| Complete 
| 252|0x0000000719000000, 0x0000000719100000, 0x0000000719100000|100%| E|CS|TAMS 0x0000000719000000, 0x0000000719000000| Complete 
| 253|0x0000000719100000, 0x0000000719200000, 0x0000000719200000|100%| E|CS|TAMS 0x0000000719100000, 0x0000000719100000| Complete 
| 254|0x0000000719200000, 0x0000000719300000, 0x0000000719300000|100%| E|CS|TAMS 0x0000000719200000, 0x0000000719200000| Complete 
| 255|0x0000000719300000, 0x0000000719400000, 0x0000000719400000|100%| E|CS|TAMS 0x0000000719300000, 0x0000000719300000| Complete 
| 256|0x0000000719400000, 0x0000000719500000, 0x0000000719500000|100%| E|CS|TAMS 0x0000000719400000, 0x0000000719400000| Complete 
| 257|0x0000000719500000, 0x0000000719600000, 0x0000000719600000|100%| E|CS|TAMS 0x0000000719500000, 0x0000000719500000| Complete 
| 258|0x0000000719600000, 0x0000000719700000, 0x0000000719700000|100%| E|CS|TAMS 0x0000000719600000, 0x0000000719600000| Complete 
| 259|0x0000000719700000, 0x0000000719800000, 0x0000000719800000|100%| E|CS|TAMS 0x0000000719700000, 0x0000000719700000| Complete 
| 260|0x0000000719800000, 0x0000000719900000, 0x0000000719900000|100%| E|CS|TAMS 0x0000000719800000, 0x0000000719800000| Complete 
| 261|0x0000000719900000, 0x0000000719a00000, 0x0000000719a00000|100%| E|CS|TAMS 0x0000000719900000, 0x0000000719900000| Complete 
| 262|0x0000000719a00000, 0x0000000719b00000, 0x0000000719b00000|100%| E|CS|TAMS 0x0000000719a00000, 0x0000000719a00000| Complete 
| 263|0x0000000719b00000, 0x0000000719c00000, 0x0000000719c00000|100%| E|CS|TAMS 0x0000000719b00000, 0x0000000719b00000| Complete 
| 264|0x0000000719c00000, 0x0000000719d00000, 0x0000000719d00000|100%| E|CS|TAMS 0x0000000719c00000, 0x0000000719c00000| Complete 
| 265|0x0000000719d00000, 0x0000000719e00000, 0x0000000719e00000|100%| E|CS|TAMS 0x0000000719d00000, 0x0000000719d00000| Complete 
| 266|0x0000000719e00000, 0x0000000719f00000, 0x0000000719f00000|100%| E|CS|TAMS 0x0000000719e00000, 0x0000000719e00000| Complete 
| 267|0x0000000719f00000, 0x000000071a000000, 0x000000071a000000|100%| E|CS|TAMS 0x0000000719f00000, 0x0000000719f00000| Complete 
| 268|0x000000071a000000, 0x000000071a100000, 0x000000071a100000|100%| E|CS|TAMS 0x000000071a000000, 0x000000071a000000| Complete 
| 269|0x000000071a100000, 0x000000071a200000, 0x000000071a200000|100%| E|CS|TAMS 0x000000071a100000, 0x000000071a100000| Complete 
| 270|0x000000071a200000, 0x000000071a300000, 0x000000071a300000|100%| E|CS|TAMS 0x000000071a200000, 0x000000071a200000| Complete 
| 271|0x000000071a300000, 0x000000071a400000, 0x000000071a400000|100%| E|CS|TAMS 0x000000071a300000, 0x000000071a300000| Complete 
| 272|0x000000071a400000, 0x000000071a500000, 0x000000071a500000|100%| E|CS|TAMS 0x000000071a400000, 0x000000071a400000| Complete 
| 273|0x000000071a500000, 0x000000071a600000, 0x000000071a600000|100%| E|CS|TAMS 0x000000071a500000, 0x000000071a500000| Complete 
| 274|0x000000071a600000, 0x000000071a700000, 0x000000071a700000|100%| E|CS|TAMS 0x000000071a600000, 0x000000071a600000| Complete 
| 275|0x000000071a700000, 0x000000071a800000, 0x000000071a800000|100%| E|CS|TAMS 0x000000071a700000, 0x000000071a700000| Complete 
| 276|0x000000071a800000, 0x000000071a900000, 0x000000071a900000|100%| E|CS|TAMS 0x000000071a800000, 0x000000071a800000| Complete 
| 277|0x000000071a900000, 0x000000071aa00000, 0x000000071aa00000|100%| E|CS|TAMS 0x000000071a900000, 0x000000071a900000| Complete 
| 278|0x000000071aa00000, 0x000000071ab00000, 0x000000071ab00000|100%| E|CS|TAMS 0x000000071aa00000, 0x000000071aa00000| Complete 
| 279|0x000000071ab00000, 0x000000071ac00000, 0x000000071ac00000|100%| E|CS|TAMS 0x000000071ab00000, 0x000000071ab00000| Complete 
| 280|0x000000071ac00000, 0x000000071ad00000, 0x000000071ad00000|100%| E|CS|TAMS 0x000000071ac00000, 0x000000071ac00000| Complete 
| 281|0x000000071ad00000, 0x000000071ae00000, 0x000000071ae00000|100%| E|CS|TAMS 0x000000071ad00000, 0x000000071ad00000| Complete 
| 282|0x000000071ae00000, 0x000000071af00000, 0x000000071af00000|100%| E|CS|TAMS 0x000000071ae00000, 0x000000071ae00000| Complete 
| 283|0x000000071af00000, 0x000000071b000000, 0x000000071b000000|100%| E|CS|TAMS 0x000000071af00000, 0x000000071af00000| Complete 
| 284|0x000000071b000000, 0x000000071b100000, 0x000000071b100000|100%| E|CS|TAMS 0x000000071b000000, 0x000000071b000000| Complete 
| 285|0x000000071b100000, 0x000000071b200000, 0x000000071b200000|100%| E|CS|TAMS 0x000000071b100000, 0x000000071b100000| Complete 
| 286|0x000000071b200000, 0x000000071b300000, 0x000000071b300000|100%| E|CS|TAMS 0x000000071b200000, 0x000000071b200000| Complete 
| 287|0x000000071b300000, 0x000000071b400000, 0x000000071b400000|100%| E|CS|TAMS 0x000000071b300000, 0x000000071b300000| Complete 
| 288|0x000000071b400000, 0x000000071b500000, 0x000000071b500000|100%| E|CS|TAMS 0x000000071b400000, 0x000000071b400000| Complete 
| 289|0x000000071b500000, 0x000000071b600000, 0x000000071b600000|100%| E|CS|TAMS 0x000000071b500000, 0x000000071b500000| Complete 
| 290|0x000000071b600000, 0x000000071b700000, 0x000000071b700000|100%| E|CS|TAMS 0x000000071b600000, 0x000000071b600000| Complete 
| 291|0x000000071b700000, 0x000000071b800000, 0x000000071b800000|100%| E|CS|TAMS 0x000000071b700000, 0x000000071b700000| Complete 
| 292|0x000000071b800000, 0x000000071b900000, 0x000000071b900000|100%| E|CS|TAMS 0x000000071b800000, 0x000000071b800000| Complete 
| 293|0x000000071b900000, 0x000000071ba00000, 0x000000071ba00000|100%| E|CS|TAMS 0x000000071b900000, 0x000000071b900000| Complete 
| 294|0x000000071ba00000, 0x000000071bb00000, 0x000000071bb00000|100%| E|CS|TAMS 0x000000071ba00000, 0x000000071ba00000| Complete 
| 295|0x000000071bb00000, 0x000000071bc00000, 0x000000071bc00000|100%| E|CS|TAMS 0x000000071bb00000, 0x000000071bb00000| Complete 
| 296|0x000000071bc00000, 0x000000071bd00000, 0x000000071bd00000|100%| E|CS|TAMS 0x000000071bc00000, 0x000000071bc00000| Complete 
| 297|0x000000071bd00000, 0x000000071be00000, 0x000000071be00000|100%| E|CS|TAMS 0x000000071bd00000, 0x000000071bd00000| Complete 

Card table byte_map: [0x0000018b992a0000,0x0000018b99a60000] _byte_map_base: 0x0000018b95a56000

Marking Bits (Prev, Next): (CMBitMap*) 0x0000018bff6f5ac0, (CMBitMap*) 0x0000018bff6f5a88
 Prev Bits: [0x0000018b9dfd0000, 0x0000018ba1d80000)
 Next Bits: [0x0000018b9a220000, 0x0000018b9dfd0000)

Polling page: 0x0000018bfe890000

Metaspace:

Usage:
  Non-class:     67.91 MB capacity,    66.73 MB ( 98%) used,   954.86 KB (  1%) free+waste,   258.62 KB ( <1%) overhead. 
      Class:     10.18 MB capacity,     9.38 MB ( 92%) used,   705.88 KB (  7%) free+waste,   119.06 KB (  1%) overhead. 
       Both:     78.09 MB capacity,    76.10 MB ( 97%) used,     1.62 MB (  2%) free+waste,   377.69 KB ( <1%) overhead. 

Virtual space:
  Non-class space:       68.00 MB reserved,      67.92 MB (>99%) committed 
      Class space:        1.00 GB reserved,      10.25 MB (  1%) committed 
             Both:        1.07 GB reserved,      78.17 MB (  7%) committed 

Chunk freelists:
   Non-Class:  11.00 KB
       Class:  5.00 KB
        Both:  16.00 KB

MaxMetaspaceSize: 17179869184.00 GB
CompressedClassSpaceSize: 1.00 GB
Initial GC threshold: 20.80 MB
Current GC threshold: 97.58 MB
CDS: off

CodeHeap 'non-profiled nmethods': size=119168Kb used=6820Kb max_used=6820Kb free=112347Kb
 bounds [0x0000018b91680000, 0x0000018b91d30000, 0x0000018b98ae0000]
CodeHeap 'profiled nmethods': size=119168Kb used=19610Kb max_used=19610Kb free=99557Kb
 bounds [0x0000018b8a220000, 0x0000018b8b550000, 0x0000018b91680000]
CodeHeap 'non-nmethods': size=7424Kb used=1342Kb max_used=3133Kb free=6082Kb
 bounds [0x0000018b89ae0000, 0x0000018b89e00000, 0x0000018b8a220000]
 total_blobs=9058 nmethods=8417 adapters=552
 compilation: enabled
              stopped_count=0, restarted_count=0
 full_count=0

Compilation events (20 events):
Event: 31.101 Thread 0x0000018ba57e3000 8443       3       java.nio.HeapByteBuffer::put (17 bytes)
Event: 31.101 Thread 0x0000018ba57e3000 nmethod 8443 0x0000018b8b53ac90 code [0x0000018b8b53ae60, 0x0000018b8b53b038]
Event: 31.101 Thread 0x0000018ba57e3000 8444   !   3       org.apache.tomcat.util.http.parser.HttpParser::isControl (9 bytes)
Event: 31.101 Thread 0x0000018ba57e3000 nmethod 8444 0x0000018b8b53b190 code [0x0000018b8b53b340, 0x0000018b8b53b478]
Event: 31.113 Thread 0x0000018ba57e3000 8445       3       java.lang.StringUTF16::putChar (54 bytes)
Event: 31.113 Thread 0x0000018ba57e3000 nmethod 8445 0x0000018b8b53b590 code [0x0000018b8b53b740, 0x0000018b8b53b878]
Event: 31.135 Thread 0x0000018ba57e3000 8447 %     3       java.util.Properties$LineReader::readLine @ 53 (635 bytes)
Event: 31.137 Thread 0x0000018ba57e3000 nmethod 8447% 0x0000018b8b53b990 code [0x0000018b8b53bd60, 0x0000018b8b53e7f8]
Event: 31.139 Thread 0x0000018ba57e3000 8449       3       java.util.Calendar::get (10 bytes)
Event: 31.140 Thread 0x0000018ba57e3000 nmethod 8449 0x0000018b8b53f410 code [0x0000018b8b53f5e0, 0x0000018b8b53f848]
Event: 31.140 Thread 0x0000018ba57e3000 8450       3       java.util.Calendar::isFieldSet (14 bytes)
Event: 31.140 Thread 0x0000018ba57e3000 nmethod 8450 0x0000018b8b53f990 code [0x0000018b8b53fb40, 0x0000018b8b53fc98]
Event: 31.146 Thread 0x0000018ba57e3000 8451       1       org.apache.tomcat.util.http.MimeHeaderField::getName (5 bytes)
Event: 31.146 Thread 0x0000018ba57e3000 nmethod 8451 0x0000018b91d28e10 code [0x0000018b91d28fc0, 0x0000018b91d29078]
Event: 31.150 Thread 0x0000018ba57e3000 8452       2       java.nio.CharBuffer::arrayOffset (35 bytes)
Event: 31.150 Thread 0x0000018ba57e3000 nmethod 8452 0x0000018b8b53fd10 code [0x0000018b8b53fee0, 0x0000018b8b540118]
Event: 31.150 Thread 0x0000018ba57e3000 8454       3       java.util.Properties$LineReader::readLine (635 bytes)
Event: 31.152 Thread 0x0000018ba57e3000 nmethod 8454 0x0000018b8b540290 code [0x0000018b8b540640, 0x0000018b8b542c98]
Event: 31.152 Thread 0x0000018ba57e3000 8453       3       java.nio.CharBuffer::clear (7 bytes)
Event: 31.152 Thread 0x0000018ba57e3000 nmethod 8453 0x0000018b8b543790 code [0x0000018b8b543940, 0x0000018b8b543ab8]

GC Heap History (14 events):
Event: 0.617 GC heap before
{Heap before GC invocations=0 (full 0):
 garbage-first heap   total 253952K, used 24576K [0x0000000709400000, 0x0000000800000000)
  region size 1024K, 24 young (24576K), 0 survivors (0K)
 Metaspace       used 11799K, capacity 11980K, committed 12288K, reserved 1060864K
  class space    used 1112K, capacity 1184K, committed 1280K, reserved 1048576K
}
Event: 0.620 GC heap after
{Heap after GC invocations=1 (full 0):
 garbage-first heap   total 253952K, used 6782K [0x0000000709400000, 0x0000000800000000)
  region size 1024K, 3 young (3072K), 3 survivors (3072K)
 Metaspace       used 11799K, capacity 11980K, committed 12288K, reserved 1060864K
  class space    used 1112K, capacity 1184K, committed 1280K, reserved 1048576K
}
Event: 1.503 GC heap before
{Heap before GC invocations=1 (full 0):
 garbage-first heap   total 253952K, used 52862K [0x0000000709400000, 0x0000000800000000)
  region size 1024K, 49 young (50176K), 3 survivors (3072K)
 Metaspace       used 20715K, capacity 21154K, committed 21296K, reserved 1069056K
  class space    used 2245K, capacity 2420K, committed 2432K, reserved 1048576K
}
Event: 1.511 GC heap after
{Heap after GC invocations=2 (full 0):
 garbage-first heap   total 253952K, used 9047K [0x0000000709400000, 0x0000000800000000)
  region size 1024K, 6 young (6144K), 6 survivors (6144K)
 Metaspace       used 20715K, capacity 21154K, committed 21296K, reserved 1069056K
  class space    used 2245K, capacity 2420K, committed 2432K, reserved 1048576K
}
Event: 2.051 GC heap before
{Heap before GC invocations=3 (full 0):
 garbage-first heap   total 253952K, used 57175K [0x0000000709400000, 0x0000000800000000)
  region size 1024K, 54 young (55296K), 6 survivors (6144K)
 Metaspace       used 26329K, capacity 26873K, committed 26928K, reserved 1073152K
  class space    used 2959K, capacity 3195K, committed 3200K, reserved 1048576K
}
Event: 2.057 GC heap after
{Heap after GC invocations=4 (full 0):
 garbage-first heap   total 253952K, used 10787K [0x0000000709400000, 0x0000000800000000)
  region size 1024K, 4 young (4096K), 4 survivors (4096K)
 Metaspace       used 26329K, capacity 26873K, committed 26928K, reserved 1073152K
  class space    used 2959K, capacity 3195K, committed 3200K, reserved 1048576K
}
Event: 3.216 GC heap before
{Heap before GC invocations=4 (full 0):
 garbage-first heap   total 253952K, used 98851K [0x0000000709400000, 0x0000000800000000)
  region size 1024K, 91 young (93184K), 4 survivors (4096K)
 Metaspace       used 34684K, capacity 35469K, committed 35632K, reserved 1081344K
  class space    used 4020K, capacity 4358K, committed 4480K, reserved 1048576K
}
Event: 3.230 GC heap after
{Heap after GC invocations=5 (full 0):
 garbage-first heap   total 253952K, used 14046K [0x0000000709400000, 0x0000000800000000)
  region size 1024K, 8 young (8192K), 8 survivors (8192K)
 Metaspace       used 34684K, capacity 35469K, committed 35632K, reserved 1081344K
  class space    used 4020K, capacity 4358K, committed 4480K, reserved 1048576K
}
Event: 5.871 GC heap before
{Heap before GC invocations=6 (full 0):
 garbage-first heap   total 253952K, used 129758K [0x0000000709400000, 0x0000000800000000)
  region size 1024K, 121 young (123904K), 8 survivors (8192K)
 Metaspace       used 55591K, capacity 56966K, committed 57008K, reserved 1099776K
  class space    used 6814K, capacity 7395K, committed 7424K, reserved 1048576K
}
Event: 5.882 GC heap after
{Heap after GC invocations=7 (full 0):
 garbage-first heap   total 305152K, used 22056K [0x0000000709400000, 0x0000000800000000)
  region size 1024K, 15 young (15360K), 15 survivors (15360K)
 Metaspace       used 55591K, capacity 56966K, committed 57008K, reserved 1099776K
  class space    used 6814K, capacity 7395K, committed 7424K, reserved 1048576K
}
Event: 6.121 GC heap before
{Heap before GC invocations=7 (full 0):
 garbage-first heap   total 305152K, used 37416K [0x0000000709400000, 0x0000000800000000)
  region size 1024K, 31 young (31744K), 15 survivors (15360K)
 Metaspace       used 58152K, capacity 59557K, committed 59696K, reserved 1101824K
  class space    used 7105K, capacity 7703K, committed 7808K, reserved 1048576K
}
Event: 6.137 GC heap after
{Heap after GC invocations=8 (full 0):
 garbage-first heap   total 305152K, used 23870K [0x0000000709400000, 0x0000000800000000)
  region size 1024K, 14 young (14336K), 14 survivors (14336K)
 Metaspace       used 58152K, capacity 59557K, committed 59696K, reserved 1101824K
  class space    used 7105K, capacity 7703K, committed 7808K, reserved 1048576K
}
Event: 8.205 GC heap before
{Heap before GC invocations=9 (full 0):
 garbage-first heap   total 305152K, used 177470K [0x0000000709400000, 0x0000000800000000)
  region size 1024K, 164 young (167936K), 14 survivors (14336K)
 Metaspace       used 71457K, capacity 73298K, committed 73520K, reserved 1114112K
  class space    used 8807K, capacity 9533K, committed 9600K, reserved 1048576K
}
Event: 8.215 GC heap after
{Heap after GC invocations=10 (full 0):
 garbage-first heap   total 305152K, used 29410K [0x0000000709400000, 0x0000000800000000)
  region size 1024K, 16 young (16384K), 16 survivors (16384K)
 Metaspace       used 71457K, capacity 73298K, committed 73520K, reserved 1114112K
  class space    used 8807K, capacity 9533K, committed 9600K, reserved 1048576K
}

Deoptimization events (20 events):
Event: 9.566 Thread 0x0000018ba6660800 Uncommon trap: trap_request=0xffffffde fr.pc=0x0000018b91b30254 relative=0x0000000000000674
Event: 9.566 Thread 0x0000018ba6660800 Uncommon trap: reason=class_check action=maybe_recompile pc=0x0000018b91b30254 method=org.springframework.util.ConcurrentReferenceHashMap$ReferenceManager.pollForPurge()Lorg/springframework/util/ConcurrentReferenceHashMap$Reference; @ 7 c2
Event: 9.566 Thread 0x0000018ba6660800 DEOPT PACKING pc=0x0000018b91b30254 sp=0x0000005f878fe5c0
Event: 9.566 Thread 0x0000018ba6660800 DEOPT UNPACKING pc=0x0000018b89b2a1af sp=0x0000005f878fe518 mode 2
Event: 9.566 Thread 0x0000018ba6660800 Uncommon trap: trap_request=0xffffffde fr.pc=0x0000018b91b30254 relative=0x0000000000000674
Event: 9.566 Thread 0x0000018ba6660800 Uncommon trap: reason=class_check action=maybe_recompile pc=0x0000018b91b30254 method=org.springframework.util.ConcurrentReferenceHashMap$ReferenceManager.pollForPurge()Lorg/springframework/util/ConcurrentReferenceHashMap$Reference; @ 7 c2
Event: 9.566 Thread 0x0000018ba6660800 DEOPT PACKING pc=0x0000018b91b30254 sp=0x0000005f878fe5c0
Event: 9.566 Thread 0x0000018ba6660800 DEOPT UNPACKING pc=0x0000018b89b2a1af sp=0x0000005f878fe518 mode 2
Event: 9.567 Thread 0x0000018ba6660800 Uncommon trap: trap_request=0xffffffde fr.pc=0x0000018b91b30254 relative=0x0000000000000674
Event: 9.567 Thread 0x0000018ba6660800 Uncommon trap: reason=class_check action=maybe_recompile pc=0x0000018b91b30254 method=org.springframework.util.ConcurrentReferenceHashMap$ReferenceManager.pollForPurge()Lorg/springframework/util/ConcurrentReferenceHashMap$Reference; @ 7 c2
Event: 9.567 Thread 0x0000018ba6660800 DEOPT PACKING pc=0x0000018b91b30254 sp=0x0000005f878fe5c0
Event: 9.567 Thread 0x0000018ba6660800 DEOPT UNPACKING pc=0x0000018b89b2a1af sp=0x0000005f878fe518 mode 2
Event: 9.567 Thread 0x0000018ba6660800 Uncommon trap: trap_request=0xffffffde fr.pc=0x0000018b91b30254 relative=0x0000000000000674
Event: 9.567 Thread 0x0000018ba6660800 Uncommon trap: reason=class_check action=maybe_recompile pc=0x0000018b91b30254 method=org.springframework.util.ConcurrentReferenceHashMap$ReferenceManager.pollForPurge()Lorg/springframework/util/ConcurrentReferenceHashMap$Reference; @ 7 c2
Event: 9.567 Thread 0x0000018ba6660800 DEOPT PACKING pc=0x0000018b91b30254 sp=0x0000005f878fe5c0
Event: 9.567 Thread 0x0000018ba6660800 DEOPT UNPACKING pc=0x0000018b89b2a1af sp=0x0000005f878fe518 mode 2
Event: 9.567 Thread 0x0000018ba6660800 Uncommon trap: trap_request=0xffffffde fr.pc=0x0000018b91b7d358 relative=0x0000000000000098
Event: 9.567 Thread 0x0000018ba6660800 Uncommon trap: reason=class_check action=maybe_recompile pc=0x0000018b91b7d358 method=java.util.Collections$2.tryAdvance(Ljava/util/function/Consumer;)Z @ 29 c2
Event: 9.567 Thread 0x0000018ba6660800 DEOPT PACKING pc=0x0000018b91b7d358 sp=0x0000005f878fe8a0
Event: 9.567 Thread 0x0000018ba6660800 DEOPT UNPACKING pc=0x0000018b89b2a1af sp=0x0000005f878fe7d0 mode 2

Classes redefined (0 events):
No events

Internal exceptions (20 events):
Event: 8.568 Thread 0x0000018ba6660800 Exception <a 'java/lang/ClassNotFoundException'{0x00000007199f7628}: java/lang/ObjectCustomizer> (0x00000007199f7628) thrown at [s\src\hotspot\share\classfile\systemDictionary.cpp, line 230]
Event: 8.569 Thread 0x0000018ba6660800 Exception <a 'java/lang/ClassNotFoundException'{0x000000071980f898}: org/springframework/security/config/annotation/web/configuration/WebSecurityConfigurationCustomizer> (0x000000071980f898) thrown at [s\src\hotspot\share\classfile\systemDictionary.cpp, line 230]
Event: 8.571 Thread 0x0000018ba6660800 Exception <a 'java/lang/ClassNotFoundException'{0x0000000719829998}: org/springframework/context/annotation/ImportAwareCustomizer> (0x0000000719829998) thrown at [s\src\hotspot\share\classfile\systemDictionary.cpp, line 230]
Event: 8.572 Thread 0x0000018ba6660800 Exception <a 'java/lang/ClassNotFoundException'{0x00000007198386c0}: org/springframework/beans/factory/AwareCustomizer> (0x00000007198386c0) thrown at [s\src\hotspot\share\classfile\systemDictionary.cpp, line 230]
Event: 8.572 Thread 0x0000018ba6660800 Exception <a 'java/lang/ClassNotFoundException'{0x00000007198485b8}: org/springframework/beans/factory/BeanClassLoaderAwareCustomizer> (0x00000007198485b8) thrown at [s\src\hotspot\share\classfile\systemDictionary.cpp, line 230]
Event: 8.573 Thread 0x0000018ba6660800 Exception <a 'java/lang/ClassNotFoundException'{0x00000007198572f0}: org/springframework/beans/factory/AwareCustomizer> (0x00000007198572f0) thrown at [s\src\hotspot\share\classfile\systemDictionary.cpp, line 230]
Event: 8.654 Thread 0x0000018ba6660800 Implicit null exception at 0x0000018b9177a7dd to 0x0000018b9177a896
Event: 8.847 Thread 0x0000018ba6660800 Exception <a 'java/lang/ClassNotFoundException'{0x0000000718a48690}: java/lang/ObjectCustomizer> (0x0000000718a48690) thrown at [s\src\hotspot\share\classfile\systemDictionary.cpp, line 230]
Event: 8.847 Thread 0x0000018ba6660800 Exception <a 'java/lang/ClassNotFoundException'{0x0000000718a603c8}: org/springframework/security/config/annotation/web/configuration/HttpSecurityConfigurationCustomizer> (0x0000000718a603c8) thrown at [s\src\hotspot\share\classfile\systemDictionary.cpp, line 230]
Event: 8.856 Thread 0x0000018ba6660800 Exception <a 'java/lang/ClassNotFoundException'{0x0000000718ab8278}: java/lang/ObjectCustomizer> (0x0000000718ab8278) thrown at [s\src\hotspot\share\classfile\systemDictionary.cpp, line 230]
Event: 8.857 Thread 0x0000018ba6660800 Exception <a 'java/lang/ClassNotFoundException'{0x0000000718acaac8}: com/example/expressfood/entities/UserCustomizer> (0x0000000718acaac8) thrown at [s\src\hotspot\share\classfile\systemDictionary.cpp, line 230]
Event: 8.858 Thread 0x0000018ba6660800 Exception <a 'java/lang/ClassNotFoundException'{0x0000000718ae7ab8}: com/example/expressfood/entities/AdminCustomizer> (0x0000000718ae7ab8) thrown at [s\src\hotspot\share\classfile\systemDictionary.cpp, line 230]
Event: 8.892 Thread 0x0000018ba6660800 Exception <a 'java/lang/NoSuchMethodError'{0x00000007185f9870}: 'java.lang.Object java.lang.invoke.DirectMethodHandle$Holder.invokeInterface(java.lang.Object, java.lang.Object, java.lang.Object, java.lang.Object)'> (0x00000007185f9870) thrown at [s\src\hotspot\share\interpreter\linkResolver.cpp, line 773]
Event: 9.106 Thread 0x0000018ba6660800 Exception <a 'java/lang/NoSuchMethodError'{0x0000000717a31638}: 'void java.lang.invoke.DirectMethodHandle$Holder.invokeVirtual(java.lang.Object, java.lang.Object, int)'> (0x0000000717a31638) thrown at [s\src\hotspot\share\interpreter\linkResolver.cpp, line 773]
Event: 9.114 Thread 0x0000018ba6660800 Exception <a 'java/lang/NoSuchMethodError'{0x0000000717a4b200}: 'void java.lang.invoke.DirectMethodHandle$Holder.invokeVirtual(java.lang.Object, java.lang.Object, long)'> (0x0000000717a4b200) thrown at [s\src\hotspot\share\interpreter\linkResolver.cpp, line 773]
Event: 9.315 Thread 0x0000018ba6660800 Exception <a 'java/lang/IncompatibleClassChangeError'{0x00000007170ce8e8}: Found class java.lang.Object, but interface was expected> (0x00000007170ce8e8) thrown at [s\src\hotspot\share\interpreter\linkResolver.cpp, line 839]
Event: 9.531 Thread 0x0000018ba6660800 Exception <a 'java/lang/NoSuchMethodError'{0x00000007164cb398}: 'java.lang.Object java.lang.invoke.DirectMethodHandle$Holder.invokeSpecial(java.lang.Object, java.lang.Object, int, java.lang.Object, int, java.lang.Object)'> (0x00000007164cb398) thrown at [s\src\hotspot\share\interpreter\linkResolver.cpp, line 773]
Event: 9.531 Thread 0x0000018ba6660800 Exception <a 'java/lang/NoSuchMethodError'{0x00000007164d2b28}: 'java.lang.Object java.lang.invoke.DirectMethodHandle$Holder.invokeStatic(java.lang.Object, java.lang.Object, int, java.lang.Object, int)'> (0x00000007164d2b28) thrown at [s\src\hotspot\share\interpreter\linkResolver.cpp, line 773]
Event: 9.532 Thread 0x0000018ba6660800 Exception <a 'java/lang/NoSuchMethodError'{0x00000007164d6308}: 'java.lang.Object java.lang.invoke.DirectMethodHandle$Holder.invokeSpecial(java.lang.Object, java.lang.Object, java.lang.Object, int, java.lang.Object, int)'> (0x00000007164d6308) thrown at [s\src\hotspot\share\interpreter\linkResolver.cpp, line 773]
Event: 9.533 Thread 0x0000018ba6660800 Exception <a 'java/lang/NoSuchMethodError'{0x00000007164e1198}: 'void java.lang.invoke.DirectMethodHandle$Holder.invokeVirtual(java.lang.Object, java.lang.Object)'> (0x00000007164e1198) thrown at [s\src\hotspot\share\interpreter\linkResolver.cpp, line 773]

Events (20 events):
Event: 31.154 loading class org/springframework/web/context/request/async/TimeoutDeferredResultProcessingInterceptor
Event: 31.154 loading class org/springframework/web/context/request/async/TimeoutDeferredResultProcessingInterceptor done
Event: 31.154 loading class org/springframework/security/web/context/request/async/SecurityContextCallableProcessingInterceptor
Event: 31.154 loading class org/springframework/security/web/context/request/async/SecurityContextCallableProcessingInterceptor done
Event: 31.155 loading class org/springframework/web/context/request/async/CallableProcessingInterceptorAdapter
Event: 31.155 loading class org/springframework/web/context/request/async/CallableProcessingInterceptorAdapter done
Event: 31.155 loading class org/springframework/security/web/context/HttpRequestResponseHolder
Event: 31.155 loading class org/springframework/security/web/context/HttpRequestResponseHolder done
Event: 31.155 loading class org/springframework/security/core/context/SecurityContextHolder
Event: 31.155 loading class org/springframework/security/core/context/SecurityContextHolder done
Event: 31.155 Executing VM operation: RevokeBias
Event: 31.156 Executing VM operation: RevokeBias done
Event: 31.156 loading class org/springframework/security/core/context/SecurityContextHolderStrategy
Event: 31.156 loading class org/springframework/security/core/context/SecurityContextHolderStrategy done
Event: 31.156 loading class org/springframework/security/core/context/ThreadLocalSecurityContextHolderStrategy
Event: 31.156 loading class org/springframework/security/core/context/ThreadLocalSecurityContextHolderStrategy done
Event: 31.156 loading class org/springframework/security/core/context/SecurityContext
Event: 31.156 loading class org/springframework/security/core/context/SecurityContext done
Event: 31.157 loading class org/springframework/security/core/context/SecurityContextImpl
Event: 31.157 loading class org/springframework/security/core/context/SecurityContextImpl done


Dynamic libraries:
0x00007ff724650000 - 0x00007ff72465e000 	C:\Users\Ayoub Hai\.jdks\corretto-11.0.25\bin\java.exe
0x00007ffd0e4b0000 - 0x00007ffd0e6a8000 	C:\Windows\SYSTEM32\ntdll.dll
0x00007ffd0d720000 - 0x00007ffd0d7e2000 	C:\Windows\System32\KERNEL32.DLL
0x00007ffd0bf30000 - 0x00007ffd0c22e000 	C:\Windows\System32\KERNELBASE.dll
0x00007ffd0bdb0000 - 0x00007ffd0beb0000 	C:\Windows\System32\ucrtbase.dll
0x00007ffd079d0000 - 0x00007ffd079e7000 	C:\Users\Ayoub Hai\.jdks\corretto-11.0.25\bin\jli.dll
0x00007ffd07330000 - 0x00007ffd0734b000 	C:\Users\Ayoub Hai\.jdks\corretto-11.0.25\bin\VCRUNTIME140.dll
0x00007ffd0c890000 - 0x00007ffd0ca2d000 	C:\Windows\System32\USER32.dll
0x00007ffd0beb0000 - 0x00007ffd0bed2000 	C:\Windows\System32\win32u.dll
0x00007ffd0d620000 - 0x00007ffd0d64b000 	C:\Windows\System32\GDI32.dll
0x00007ffcf7ed0000 - 0x00007ffcf816a000 	C:\Windows\WinSxS\amd64_microsoft.windows.common-controls_6595b64144ccf1df_6.0.19041.4355_none_60b8b9eb71f62e16\COMCTL32.dll
0x00007ffd0bc90000 - 0x00007ffd0bda7000 	C:\Windows\System32\gdi32full.dll
0x00007ffd0c6b0000 - 0x00007ffd0c74e000 	C:\Windows\System32\msvcrt.dll
0x00007ffd0bb80000 - 0x00007ffd0bc1d000 	C:\Windows\System32\msvcp_win.dll
0x00007ffd0c4d0000 - 0x00007ffd0c4ff000 	C:\Windows\System32\IMM32.DLL
0x00007ffd076a0000 - 0x00007ffd076ac000 	C:\Users\Ayoub Hai\.jdks\corretto-11.0.25\bin\vcruntime140_1.dll
0x00007ffceb070000 - 0x00007ffceb0fd000 	C:\Users\Ayoub Hai\.jdks\corretto-11.0.25\bin\msvcp140.dll
0x00007ffcc8440000 - 0x00007ffcc9005000 	C:\Users\Ayoub Hai\.jdks\corretto-11.0.25\bin\server\jvm.dll
0x00007ffd0cc70000 - 0x00007ffd0cd22000 	C:\Windows\System32\ADVAPI32.dll
0x00007ffd0e3d0000 - 0x00007ffd0e470000 	C:\Windows\System32\sechost.dll
0x00007ffd0d4f0000 - 0x00007ffd0d613000 	C:\Windows\System32\RPCRT4.dll
0x00007ffd0bb50000 - 0x00007ffd0bb77000 	C:\Windows\System32\bcrypt.dll
0x00007ffd0d650000 - 0x00007ffd0d6bb000 	C:\Windows\System32\WS2_32.dll
0x00007ffd0c750000 - 0x00007ffd0c758000 	C:\Windows\System32\PSAPI.DLL
0x00007ffd01620000 - 0x00007ffd0162a000 	C:\Windows\SYSTEM32\VERSION.dll
0x00007ffd00140000 - 0x00007ffd00167000 	C:\Windows\SYSTEM32\WINMM.dll
0x00007ffd0a330000 - 0x00007ffd0a342000 	C:\Windows\SYSTEM32\kernel.appcore.dll
0x00007ffd07610000 - 0x00007ffd07620000 	C:\Users\Ayoub Hai\.jdks\corretto-11.0.25\bin\verify.dll
0x00007ffd09350000 - 0x00007ffd09534000 	C:\Windows\SYSTEM32\DBGHELP.DLL
0x00007ffcff630000 - 0x00007ffcff664000 	C:\Windows\SYSTEM32\dbgcore.DLL
0x00007ffd0c230000 - 0x00007ffd0c2b2000 	C:\Windows\System32\bcryptPrimitives.dll
0x00007ffd04200000 - 0x00007ffd04228000 	C:\Users\Ayoub Hai\.jdks\corretto-11.0.25\bin\java.dll
0x00007ffd07480000 - 0x00007ffd0748a000 	C:\Users\Ayoub Hai\.jdks\corretto-11.0.25\bin\jimage.dll
0x00007ffd07300000 - 0x00007ffd0730e000 	C:\Users\Ayoub Hai\.jdks\corretto-11.0.25\bin\instrument.dll
0x00007ffd02b50000 - 0x00007ffd02b68000 	C:\Users\Ayoub Hai\.jdks\corretto-11.0.25\bin\zip.dll
0x00007ffd0d7f0000 - 0x00007ffd0df5f000 	C:\Windows\System32\SHELL32.dll
0x00007ffd09b70000 - 0x00007ffd0a314000 	C:\Windows\SYSTEM32\windows.storage.dll
0x00007ffd0cd60000 - 0x00007ffd0d0b3000 	C:\Windows\System32\combase.dll
0x00007ffd0b3d0000 - 0x00007ffd0b3fe000 	C:\Windows\SYSTEM32\Wldp.dll
0x00007ffd0ca30000 - 0x00007ffd0cafd000 	C:\Windows\System32\OLEAUT32.dll
0x00007ffd0c760000 - 0x00007ffd0c80d000 	C:\Windows\System32\SHCORE.dll
0x00007ffd0cb00000 - 0x00007ffd0cb55000 	C:\Windows\System32\shlwapi.dll
0x00007ffd0ba80000 - 0x00007ffd0baa4000 	C:\Windows\SYSTEM32\profapi.dll
0x00007ffd02170000 - 0x00007ffd02189000 	C:\Users\Ayoub Hai\.jdks\corretto-11.0.25\bin\net.dll
0x00007ffd08040000 - 0x00007ffd0814d000 	C:\Windows\SYSTEM32\WINHTTP.dll
0x00007ffd0b1b0000 - 0x00007ffd0b21a000 	C:\Windows\system32\mswsock.dll
0x00007ffd01650000 - 0x00007ffd01662000 	C:\Users\Ayoub Hai\.jdks\corretto-11.0.25\bin\nio.dll
0x00007ffcfe750000 - 0x00007ffcfe76a000 	C:\Program Files\JetBrains\IntelliJ IDEA Community Edition 2023.2.5\bin\breakgen64.dll
0x00007ffd07090000 - 0x00007ffd07099000 	C:\Users\Ayoub Hai\.jdks\corretto-11.0.25\bin\management.dll
0x00007ffd04480000 - 0x00007ffd0448b000 	C:\Users\Ayoub Hai\.jdks\corretto-11.0.25\bin\management_ext.dll
0x00007ffcee660000 - 0x00007ffcee677000 	C:\Windows\system32\napinsp.dll
0x00007ffcee640000 - 0x00007ffcee65b000 	C:\Windows\system32\pnrpnsp.dll
0x00007ffd08290000 - 0x00007ffd082a5000 	C:\Windows\system32\wshbth.dll
0x00007ffd08150000 - 0x00007ffd0816d000 	C:\Windows\system32\NLAapi.dll
0x00007ffd0aeb0000 - 0x00007ffd0aeeb000 	C:\Windows\SYSTEM32\IPHLPAPI.DLL
0x00007ffd0aef0000 - 0x00007ffd0afba000 	C:\Windows\SYSTEM32\DNSAPI.dll
0x00007ffd0d0c0000 - 0x00007ffd0d0c8000 	C:\Windows\System32\NSI.dll
0x00007ffcee520000 - 0x00007ffcee532000 	C:\Windows\System32\winrnr.dll
0x00007ffd06600000 - 0x00007ffd0660a000 	C:\Windows\System32\rasadhlp.dll
0x00007ffd03d00000 - 0x00007ffd03d80000 	C:\Windows\System32\fwpuclnt.dll
0x00007ffd0b470000 - 0x00007ffd0b488000 	C:\Windows\SYSTEM32\CRYPTSP.dll
0x00007ffd0aaf0000 - 0x00007ffd0ab24000 	C:\Windows\system32\rsaenh.dll
0x00007ffd0ba00000 - 0x00007ffd0ba2e000 	C:\Windows\SYSTEM32\USERENV.dll
0x00007ffd0b340000 - 0x00007ffd0b34c000 	C:\Windows\SYSTEM32\CRYPTBASE.dll
0x00007ffd06610000 - 0x00007ffd06627000 	C:\Windows\SYSTEM32\dhcpcsvc6.DLL
0x00007ffd06bd0000 - 0x00007ffd06bed000 	C:\Windows\SYSTEM32\dhcpcsvc.DLL
0x00007ffcedfb0000 - 0x00007ffcedfd7000 	C:\Users\Ayoub Hai\.jdks\corretto-11.0.25\bin\sunec.dll
0x00007ffd02030000 - 0x00007ffd0203e000 	C:\Users\Ayoub Hai\.jdks\corretto-11.0.25\bin\sunmscapi.dll
0x00007ffd0c2c0000 - 0x00007ffd0c41c000 	C:\Windows\System32\CRYPT32.dll
0x00007ffd0b5f0000 - 0x00007ffd0b617000 	C:\Windows\SYSTEM32\ncrypt.dll
0x00007ffd0b5b0000 - 0x00007ffd0b5eb000 	C:\Windows\SYSTEM32\NTASN1.dll

dbghelp: loaded successfully - version: 4.0.5 - missing functions: none
symbol engine: initialized successfully - sym options: 0x614 - pdb path: .;C:\Users\Ayoub Hai\.jdks\corretto-11.0.25\bin;C:\Windows\SYSTEM32;C:\Windows\WinSxS\amd64_microsoft.windows.common-controls_6595b64144ccf1df_6.0.19041.4355_none_60b8b9eb71f62e16;C:\Users\Ayoub Hai\.jdks\corretto-11.0.25\bin\server;C:\Program Files\JetBrains\IntelliJ IDEA Community Edition 2023.2.5\bin

VM Arguments:
jvm_args: -javaagent:C:\Program Files\JetBrains\IntelliJ IDEA Community Edition 2023.2.5\lib\idea_rt.jar=53610:C:\Program Files\JetBrains\IntelliJ IDEA Community Edition 2023.2.5\bin -Dfile.encoding=UTF-8 
java_command: com.example.expressfood.ExpressFoodApplication
java_class_path (initial): C:\Users\Ayoub Hai\Desktop\test course work\Express_Food\Express_Food\target\classes;C:\Users\Ayoub Hai\.m2\repository\org\springframework\boot\spring-boot-starter-data-jpa\2.6.4\spring-boot-starter-data-jpa-2.6.4.jar;C:\Users\Ayoub Hai\.m2\repository\org\springframework\boot\spring-boot-starter-aop\2.6.4\spring-boot-starter-aop-2.6.4.jar;C:\Users\Ayoub Hai\.m2\repository\org\aspectj\aspectjweaver\1.9.7\aspectjweaver-1.9.7.jar;C:\Users\Ayoub Hai\.m2\repository\org\springframework\boot\spring-boot-starter-jdbc\2.6.4\spring-boot-starter-jdbc-2.6.4.jar;C:\Users\Ayoub Hai\.m2\repository\com\zaxxer\HikariCP\4.0.3\HikariCP-4.0.3.jar;C:\Users\Ayoub Hai\.m2\repository\org\springframework\spring-jdbc\5.3.16\spring-jdbc-5.3.16.jar;C:\Users\Ayoub Hai\.m2\repository\jakarta\transaction\jakarta.transaction-api\1.3.3\jakarta.transaction-api-1.3.3.jar;C:\Users\Ayoub Hai\.m2\repository\jakarta\persistence\jakarta.persistence-api\2.2.3\jakarta.persistence-api-2.2.3.jar;C:\Users\Ayoub Hai\.m2\repository\org\hibernate\hibernate-core\5.6.5.Final\hibernate-core-5.6.5.Final.jar;C:\Users\Ayoub Hai\.m2\repository\net\bytebuddy\byte-buddy\1.11.22\byte-buddy-1.11.22.jar;C:\Users\Ayoub Hai\.m2\repository\antlr\antlr\2.7.7\antlr-2.7.7.jar;C:\Users\Ayoub Hai\.m2\repository\org\jboss\jandex\2.4.2.Final\jandex-2.4.2.Final.jar;C:\Users\Ayoub Hai\.m2\repository\org\hibernate\common\hibernate-commons-annotations\5.1.2.Final\hibernate-commons-annotations-5.1.2.Final.jar;C:\Users\Ayoub Hai\.m2\repository\org\glassfish\jaxb\jaxb-runtime\2.3.6\jaxb-runtime-2.3.6.jar;C:\Users\Ayoub Hai\.m2\repository\org\glassfish\jaxb\txw2\2.3.6\txw2-2.3.6.jar;C:\Users\Ayoub Hai\.m2\repository\com\sun\istack\istack-commons-runtime\3.0.12\istack-commons-runtime-3.0.12.jar;C:\Users\Ayoub Hai\.m2\repository\com\sun\activation\jakarta.activation\1.2.2\jakarta.activation-1.2.2.jar;C:\Users\Ayoub Hai\.m2\repository\org\springframework\data\spring-data-jpa\2.6.2\spring-data-jpa-2.6.2.jar;C:\Users\A
Launcher Type: SUN_STANDARD

[Global flags]
     intx CICompilerCount                          = 12                                        {product} {ergonomic}
     uint ConcGCThreads                            = 3                                         {product} {ergonomic}
     uint G1ConcRefinementThreads                  = 13                                        {product} {ergonomic}
   size_t G1HeapRegionSize                         = 1048576                                   {product} {ergonomic}
    uintx GCDrainStackTargetSize                   = 64                                        {product} {ergonomic}
   size_t InitialHeapSize                          = 260046848                                 {product} {ergonomic}
   size_t MarkStackSize                            = 4194304                                   {product} {ergonomic}
   size_t MaxHeapSize                              = 4139778048                                {product} {ergonomic}
   size_t MaxNewSize                               = 2483027968                                {product} {ergonomic}
   size_t MinHeapDeltaBytes                        = 1048576                                   {product} {ergonomic}
    uintx NonNMethodCodeHeapSize                   = 7594288                                {pd product} {ergonomic}
    uintx NonProfiledCodeHeapSize                  = 122031976                              {pd product} {ergonomic}
    uintx ProfiledCodeHeapSize                     = 122031976                              {pd product} {ergonomic}
    uintx ReservedCodeCacheSize                    = 251658240                              {pd product} {ergonomic}
     bool SegmentedCodeCache                       = true                                      {product} {ergonomic}
     bool UseCompressedClassPointers               = true                                 {lp64_product} {ergonomic}
     bool UseCompressedOops                        = true                                 {lp64_product} {ergonomic}
     bool UseG1GC                                  = true                                      {product} {ergonomic}
     bool UseLargePagesIndividualAllocation        = false                                  {pd product} {ergonomic}

Logging:
Log output configuration:
 #0: stdout all=warning uptime,level,tags
 #1: stderr all=off uptime,level,tags

Environment Variables:
JAVA_HOME=C:\Program Files\Amazon Corretto\jdk17.0.10_7
PATH=C:\Python312\Scripts\;C:\Python312\;C:\Program Files\Amazon Corretto\jdk17.0.10_7\bin;C:\Program Files\Common Files\Oracle\Java\javapath;C:\Program Files (x86)\Common Files\Oracle\Java\java8path;C:\Program Files (x86)\Common Files\Oracle\Java\javapath;C:\OracleApp\dbhomeXE\bin;C:\Windows\system32;C:\Windows;C:\Windows\System32\Wbem;C:\Windows\System32\WindowsPowerShell\v1.0\;C:\Windows\System32\OpenSSH\;C:\Program Files\Java\jdk-11.0.1\bin;C:\Program Files (x86)\Windows Kits\10\Windows Performance Toolkit\;C:\Program Files\Microsoft SQL Server\150\Tools\Binn\;C:\Program Files\Microsoft SQL Server\Client SDK\ODBC\170\Tools\Binn\;C:\Program Files\dotnet\;C:\ProgramData\chocolatey\bin;C:\Program Files\apache-maven-3.9.6\bin;C:\Program Files\Git\cmd;C:\;C:\Program Files\Docker\Docker\resources\bin;C:\Users\Ayoub Hai\AppData\Local\Microsoft\WindowsApps;C:\Program Files\JetBrains\PyCharm Community Edition 2023.2.5\bin;;C:\Users\Ayoub Hai\.dotnet\tools;C:\Users\Ayoub Hai\AppData\Local\Programs\Microsoft VS Code\bin;C:\Program Files\JetBrains\WebStorm 2023.3.4\bin;;C:\Users\Ayoub Hai\AppData\Roaming\npm;C:\Program Files\node js;
USERNAME=Ayoub Hai
OS=Windows_NT
PROCESSOR_IDENTIFIER=AMD64 Family 23 Model 96 Stepping 1, AuthenticAMD
TMP=C:\Users\AYOUBH~1\AppData\Local\Temp
TEMP=C:\Users\AYOUBH~1\AppData\Local\Temp



---------------  S Y S T E M  ---------------

OS: Windows 10 , 64 bit Build 19041 (10.0.19041.4957)
OS uptime: 2 days 22:46 hours
Hyper-V role detected

CPU:total 16 (initial active 16) (16 cores per cpu, 2 threads per core) family 23 model 96 stepping 1 microcode 0x0, cmov, cx8, fxsr, mmx, sse, sse2, sse3, ssse3, sse4.1, sse4.2, popcnt, avx, avx2, aes, clmul, mmxext, 3dnowpref, lzcnt, sse4a, ht, tsc, tscinvbit, tscinv, bmi1, bmi2, adx, sha, fma

Memory: 4k page, system-wide physical 15790M (2888M free)
TotalPageFile size 17838M (AvailPageFile size 5M)
current process WorkingSet (physical memory assigned to process): 393M, peak: 499M
current process commit charge ("private bytes"): 545M, peak: 650M

vm_info: OpenJDK 64-Bit Server VM (11.0.25+9-LTS) for windows-amd64 JRE (11.0.25+9-LTS), built on Oct 10 2024 00:01:59 by "Administrator" with MS VC++ 16.10 / 16.11 (VS2019)

END.
